<?xml version="1.0" encoding="UTF-8"?>
<coverage generated="1700446321732" clover="3.2.0">
  <project timestamp="1700446321732" name="All files">
    <metrics statements="540" coveredstatements="101" conditionals="102" coveredconditionals="8" methods="44" coveredmethods="3" elements="686" coveredelements="112" complexity="0" loc="540" ncloc="540" packages="1" files="3" classes="3"/>
    <file name="createJWT.js" path="/mnt/130b06a2-2c69-4702-991a-887b253e7579/vsCodeRepos/poosdBigProject-4/createJWT.js">
      <metrics statements="25" coveredstatements="13" conditionals="2" coveredconditionals="0" methods="5" coveredmethods="2"/>
      <line num="1" count="1" type="stmt"/>
      <line num="2" count="1" type="stmt"/>
      <line num="4" count="1" type="stmt"/>
      <line num="6" count="1" type="stmt"/>
      <line num="9" count="1" type="stmt"/>
      <line num="11" count="1" type="stmt"/>
      <line num="13" count="1" type="stmt"/>
      <line num="14" count="1" type="stmt"/>
      <line num="16" count="1" type="stmt"/>
      <line num="27" count="1" type="stmt"/>
      <line num="31" count="0" type="stmt"/>
      <line num="33" count="1" type="stmt"/>
      <line num="36" count="1" type="stmt"/>
      <line num="38" count="0" type="stmt"/>
      <line num="41" count="0" type="cond" truecount="0" falsecount="2"/>
      <line num="43" count="0" type="stmt"/>
      <line num="47" count="0" type="stmt"/>
      <line num="51" count="0" type="stmt"/>
      <line num="55" count="1" type="stmt"/>
      <line num="57" count="0" type="stmt"/>
      <line num="59" count="0" type="stmt"/>
      <line num="60" count="0" type="stmt"/>
      <line num="61" count="0" type="stmt"/>
      <line num="62" count="0" type="stmt"/>
      <line num="64" count="0" type="stmt"/>
    </file>
    <file name="email.js" path="/mnt/130b06a2-2c69-4702-991a-887b253e7579/vsCodeRepos/poosdBigProject-4/email.js">
      <metrics statements="110" coveredstatements="21" conditionals="26" coveredconditionals="0" methods="11" coveredmethods="0"/>
      <line num="4" count="1" type="stmt"/>
      <line num="5" count="1" type="stmt"/>
      <line num="6" count="1" type="stmt"/>
      <line num="7" count="1" type="stmt"/>
      <line num="8" count="1" type="stmt"/>
      <line num="9" count="1" type="stmt"/>
      <line num="10" count="1" type="stmt"/>
      <line num="11" count="1" type="stmt"/>
      <line num="12" count="1" type="stmt"/>
      <line num="13" count="1" type="stmt"/>
      <line num="14" count="1" type="stmt"/>
      <line num="15" count="1" type="stmt"/>
      <line num="24" count="1" type="stmt"/>
      <line num="30" count="1" type="stmt"/>
      <line num="31" count="0" type="stmt"/>
      <line num="33" count="0" type="stmt"/>
      <line num="34" count="0" type="stmt"/>
      <line num="36" count="0" type="cond" truecount="0" falsecount="2"/>
      <line num="37" count="0" type="stmt"/>
      <line num="40" count="0" type="cond" truecount="0" falsecount="2"/>
      <line num="41" count="0" type="stmt"/>
      <line num="44" count="0" type="cond" truecount="0" falsecount="2"/>
      <line num="45" count="0" type="stmt"/>
      <line num="49" count="0" type="stmt"/>
      <line num="53" count="0" type="stmt"/>
      <line num="58" count="1" type="stmt"/>
      <line num="64" count="1" type="stmt"/>
      <line num="68" count="1" type="stmt"/>
      <line num="69" count="0" type="stmt"/>
      <line num="70" count="0" type="stmt"/>
      <line num="71" count="0" type="stmt"/>
      <line num="73" count="0" type="stmt"/>
      <line num="74" count="0" type="stmt"/>
      <line num="77" count="0" type="cond" truecount="0" falsecount="2"/>
      <line num="78" count="0" type="stmt"/>
      <line num="84" count="0" type="stmt"/>
      <line num="93" count="0" type="stmt"/>
      <line num="96" count="0" type="stmt"/>
      <line num="97" count="0" type="stmt"/>
      <line num="98" count="0" type="stmt"/>
      <line num="101" count="0" type="stmt"/>
      <line num="105" count="0" type="stmt"/>
      <line num="112" count="0" type="stmt"/>
      <line num="113" count="0" type="stmt"/>
      <line num="114" count="0" type="stmt"/>
      <line num="117" count="0" type="stmt"/>
      <line num="119" count="0" type="stmt"/>
      <line num="124" count="0" type="stmt"/>
      <line num="131" count="1" type="stmt"/>
      <line num="132" count="0" type="stmt"/>
      <line num="134" count="0" type="stmt"/>
      <line num="135" count="0" type="stmt"/>
      <line num="138" count="0" type="cond" truecount="0" falsecount="2"/>
      <line num="139" count="0" type="stmt"/>
      <line num="143" count="0" type="stmt"/>
      <line num="146" count="0" type="cond" truecount="0" falsecount="2"/>
      <line num="147" count="0" type="stmt"/>
      <line num="150" count="0" type="cond" truecount="0" falsecount="2"/>
      <line num="151" count="0" type="stmt"/>
      <line num="156" count="0" type="stmt"/>
      <line num="157" count="0" type="stmt"/>
      <line num="162" count="0" type="stmt"/>
      <line num="165" count="0" type="stmt"/>
      <line num="172" count="0" type="stmt"/>
      <line num="177" count="1" type="stmt"/>
      <line num="179" count="0" type="stmt"/>
      <line num="181" count="0" type="cond" truecount="0" falsecount="2"/>
      <line num="182" count="0" type="stmt"/>
      <line num="185" count="0" type="cond" truecount="0" falsecount="2"/>
      <line num="186" count="0" type="stmt"/>
      <line num="192" count="0" type="stmt"/>
      <line num="193" count="0" type="stmt"/>
      <line num="194" count="0" type="cond" truecount="0" falsecount="2"/>
      <line num="195" count="0" type="stmt"/>
      <line num="199" count="0" type="stmt"/>
      <line num="206" count="0" type="stmt"/>
      <line num="207" count="0" type="stmt"/>
      <line num="208" count="0" type="cond" truecount="0" falsecount="2"/>
      <line num="209" count="0" type="stmt"/>
      <line num="211" count="0" type="stmt"/>
      <line num="220" count="1" type="stmt"/>
      <line num="221" count="0" type="stmt"/>
      <line num="222" count="0" type="stmt"/>
      <line num="223" count="0" type="stmt"/>
      <line num="225" count="0" type="stmt"/>
      <line num="226" count="0" type="stmt"/>
      <line num="229" count="0" type="cond" truecount="0" falsecount="2"/>
      <line num="230" count="0" type="stmt"/>
      <line num="234" count="0" type="stmt"/>
      <line num="237" count="0" type="stmt"/>
      <line num="238" count="0" type="stmt"/>
      <line num="239" count="0" type="stmt"/>
      <line num="242" count="0" type="stmt"/>
      <line num="246" count="0" type="stmt"/>
      <line num="253" count="0" type="stmt"/>
      <line num="254" count="0" type="stmt"/>
      <line num="255" count="0" type="stmt"/>
      <line num="258" count="0" type="stmt"/>
      <line num="260" count="0" type="stmt"/>
      <line num="265" count="0" type="stmt"/>
      <line num="269" count="1" type="stmt"/>
      <line num="270" count="0" type="stmt"/>
      <line num="271" count="0" type="stmt"/>
      <line num="273" count="0" type="stmt"/>
      <line num="274" count="0" type="stmt"/>
      <line num="277" count="0" type="cond" truecount="0" falsecount="2"/>
      <line num="278" count="0" type="stmt"/>
      <line num="282" count="0" type="stmt"/>
      <line num="284" count="0" type="stmt"/>
      <line num="287" count="0" type="stmt"/>
    </file>
    <file name="server.js" path="/mnt/130b06a2-2c69-4702-991a-887b253e7579/vsCodeRepos/poosdBigProject-4/server.js">
      <metrics statements="405" coveredstatements="67" conditionals="74" coveredconditionals="8" methods="28" coveredmethods="1"/>
      <line num="8" count="1" type="stmt"/>
      <line num="9" count="1" type="stmt"/>
      <line num="10" count="1" type="stmt"/>
      <line num="11" count="1" type="stmt"/>
      <line num="12" count="1" type="stmt"/>
      <line num="13" count="1" type="stmt"/>
      <line num="14" count="1" type="cond" truecount="2" falsecount="0"/>
      <line num="15" count="1" type="stmt"/>
      <line num="16" count="1" type="stmt"/>
      <line num="17" count="1" type="stmt"/>
      <line num="18" count="1" type="stmt"/>
      <line num="20" count="1" type="stmt"/>
      <line num="21" count="1" type="stmt"/>
      <line num="22" count="1" type="stmt"/>
      <line num="23" count="1" type="stmt"/>
      <line num="24" count="1" type="stmt"/>
      <line num="27" count="1" type="stmt"/>
      <line num="28" count="1" type="stmt"/>
      <line num="29" count="1" type="stmt"/>
      <line num="30" count="1" type="stmt"/>
      <line num="31" count="1" type="stmt"/>
      <line num="34" count="1" type="stmt"/>
      <line num="35" count="1" type="cond" truecount="2" falsecount="0"/>
      <line num="36" count="1" type="stmt"/>
      <line num="37" count="1" type="stmt"/>
      <line num="39" count="1" type="cond" truecount="1" falsecount="1"/>
      <line num="40" count="0" type="stmt"/>
      <line num="41" count="0" type="stmt"/>
      <line num="42" count="0" type="stmt"/>
      <line num="45" count="1" type="cond" truecount="1" falsecount="1"/>
      <line num="46" count="0" type="stmt"/>
      <line num="47" count="0" type="stmt"/>
      <line num="52" count="1" type="stmt"/>
      <line num="55" count="1" type="stmt"/>
      <line num="69" count="0" type="stmt"/>
      <line num="77" count="0" type="stmt"/>
      <line num="78" count="0" type="stmt"/>
      <line num="79" count="0" type="stmt"/>
      <line num="81" count="0" type="stmt"/>
      <line num="89" count="0" type="stmt"/>
      <line num="104" count="0" type="stmt"/>
      <line num="105" count="0" type="stmt"/>
      <line num="107" count="0" type="stmt"/>
      <line num="109" count="0" type="stmt"/>
      <line num="117" count="0" type="stmt"/>
      <line num="130" count="0" type="stmt"/>
      <line num="131" count="0" type="stmt"/>
      <line num="132" count="0" type="stmt"/>
      <line num="134" count="0" type="stmt"/>
      <line num="148" count="0" type="stmt"/>
      <line num="150" count="0" type="stmt"/>
      <line num="151" count="0" type="cond" truecount="0" falsecount="2"/>
      <line num="152" count="0" type="stmt"/>
      <line num="154" count="0" type="stmt"/>
      <line num="155" count="0" type="cond" truecount="0" falsecount="2"/>
      <line num="156" count="0" type="stmt"/>
      <line num="158" count="0" type="stmt"/>
      <line num="159" count="0" type="cond" truecount="0" falsecount="2"/>
      <line num="160" count="0" type="stmt"/>
      <line num="162" count="0" type="stmt"/>
      <line num="163" count="0" type="cond" truecount="0" falsecount="2"/>
      <line num="164" count="0" type="stmt"/>
      <line num="166" count="0" type="stmt"/>
      <line num="171" count="0" type="stmt"/>
      <line num="172" count="0" type="stmt"/>
      <line num="173" count="0" type="stmt"/>
      <line num="174" count="0" type="stmt"/>
      <line num="175" count="0" type="stmt"/>
      <line num="176" count="0" type="stmt"/>
      <line num="181" count="1" type="stmt"/>
      <line num="182" count="0" type="stmt"/>
      <line num="183" count="0" type="stmt"/>
      <line num="184" count="0" type="stmt"/>
      <line num="185" count="0" type="stmt"/>
      <line num="186" count="0" type="stmt"/>
      <line num="187" count="0" type="stmt"/>
      <line num="188" count="0" type="stmt"/>
      <line num="190" count="0" type="stmt"/>
      <line num="191" count="0" type="stmt"/>
      <line num="192" count="0" type="stmt"/>
      <line num="194" count="0" type="stmt"/>
      <line num="195" count="0" type="stmt"/>
      <line num="196" count="0" type="stmt"/>
      <line num="198" count="0" type="cond" truecount="0" falsecount="2"/>
      <line num="199" count="0" type="stmt"/>
      <line num="201" count="0" type="cond" truecount="0" falsecount="2"/>
      <line num="202" count="0" type="stmt"/>
      <line num="203" count="0" type="cond" truecount="0" falsecount="2"/>
      <line num="204" count="0" type="stmt"/>
      <line num="206" count="0" type="stmt"/>
      <line num="207" count="0" type="stmt"/>
      <line num="210" count="0" type="stmt"/>
      <line num="213" count="0" type="stmt"/>
      <line num="217" count="0" type="cond" truecount="0" falsecount="4"/>
      <line num="218" count="0" type="stmt"/>
      <line num="219" count="0" type="stmt"/>
      <line num="220" count="0" type="stmt"/>
      <line num="221" count="0" type="stmt"/>
      <line num="230" count="0" type="stmt"/>
      <line num="231" count="0" type="stmt"/>
      <line num="235" count="1" type="stmt"/>
      <line num="236" count="0" type="stmt"/>
      <line num="249" count="0" type="stmt"/>
      <line num="250" count="0" type="stmt"/>
      <line num="251" count="0" type="stmt"/>
      <line num="253" count="0" type="stmt"/>
      <line num="257" count="1" type="stmt"/>
      <line num="258" count="0" type="stmt"/>
      <line num="267" count="0" type="stmt"/>
      <line num="268" count="0" type="stmt"/>
      <line num="269" count="0" type="stmt"/>
      <line num="271" count="0" type="stmt"/>
      <line num="275" count="1" type="stmt"/>
      <line num="276" count="0" type="stmt"/>
      <line num="277" count="0" type="stmt"/>
      <line num="280" count="1" type="stmt"/>
      <line num="281" count="0" type="stmt"/>
      <line num="282" count="0" type="stmt"/>
      <line num="283" count="0" type="stmt"/>
      <line num="288" count="1" type="stmt"/>
      <line num="291" count="0" type="stmt"/>
      <line num="292" count="0" type="stmt"/>
      <line num="293" count="0" type="stmt"/>
      <line num="295" count="0" type="stmt"/>
      <line num="296" count="0" type="cond" truecount="0" falsecount="2"/>
      <line num="297" count="0" type="stmt"/>
      <line num="298" count="0" type="stmt"/>
      <line num="299" count="0" type="stmt"/>
      <line num="302" count="0" type="stmt"/>
      <line num="303" count="0" type="stmt"/>
      <line num="304" count="0" type="stmt"/>
      <line num="305" count="0" type="stmt"/>
      <line num="308" count="0" type="stmt"/>
      <line num="309" count="0" type="stmt"/>
      <line num="310" count="0" type="stmt"/>
      <line num="312" count="0" type="stmt"/>
      <line num="315" count="0" type="stmt"/>
      <line num="316" count="0" type="stmt"/>
      <line num="317" count="0" type="stmt"/>
      <line num="318" count="0" type="stmt"/>
      <line num="320" count="0" type="stmt"/>
      <line num="321" count="0" type="stmt"/>
      <line num="326" count="0" type="stmt"/>
      <line num="327" count="0" type="stmt"/>
      <line num="328" count="0" type="stmt"/>
      <line num="329" count="0" type="cond" truecount="0" falsecount="2"/>
      <line num="330" count="0" type="stmt"/>
      <line num="331" count="0" type="stmt"/>
      <line num="334" count="0" type="cond" truecount="0" falsecount="2"/>
      <line num="335" count="0" type="stmt"/>
      <line num="338" count="0" type="stmt"/>
      <line num="345" count="0" type="stmt"/>
      <line num="348" count="1" type="stmt"/>
      <line num="351" count="0" type="stmt"/>
      <line num="352" count="0" type="stmt"/>
      <line num="353" count="0" type="stmt"/>
      <line num="354" count="0" type="stmt"/>
      <line num="355" count="0" type="stmt"/>
      <line num="356" count="0" type="stmt"/>
      <line num="358" count="0" type="cond" truecount="0" falsecount="2"/>
      <line num="359" count="0" type="stmt"/>
      <line num="360" count="0" type="stmt"/>
      <line num="362" count="0" type="stmt"/>
      <line num="363" count="0" type="stmt"/>
      <line num="364" count="0" type="stmt"/>
      <line num="365" count="0" type="stmt"/>
      <line num="368" count="0" type="cond" truecount="0" falsecount="2"/>
      <line num="369" count="0" type="stmt"/>
      <line num="379" count="0" type="stmt"/>
      <line num="380" count="0" type="stmt"/>
      <line num="389" count="0" type="stmt"/>
      <line num="390" count="0" type="stmt"/>
      <line num="393" count="0" type="stmt"/>
      <line num="394" count="0" type="stmt"/>
      <line num="403" count="0" type="stmt"/>
      <line num="405" count="0" type="stmt"/>
      <line num="411" count="0" type="stmt"/>
      <line num="418" count="0" type="stmt"/>
      <line num="434" count="0" type="stmt"/>
      <line num="435" count="0" type="stmt"/>
      <line num="437" count="0" type="stmt"/>
      <line num="443" count="0" type="stmt"/>
      <line num="454" count="0" type="stmt"/>
      <line num="461" count="1" type="stmt"/>
      <line num="464" count="1" type="stmt"/>
      <line num="465" count="1" type="stmt"/>
      <line num="466" count="1" type="stmt"/>
      <line num="467" count="1" type="stmt"/>
      <line num="469" count="1" type="stmt"/>
      <line num="471" count="1" type="stmt"/>
      <line num="472" count="1" type="stmt"/>
      <line num="475" count="1" type="stmt"/>
      <line num="476" count="1" type="stmt"/>
      <line num="477" count="1" type="stmt"/>
      <line num="478" count="1" type="stmt"/>
      <line num="481" count="1" type="cond" truecount="1" falsecount="1"/>
      <line num="482" count="0" type="stmt"/>
      <line num="489" count="1" type="cond" truecount="1" falsecount="1"/>
      <line num="490" count="0" type="stmt"/>
      <line num="498" count="1" type="stmt"/>
      <line num="499" count="1" type="stmt"/>
      <line num="500" count="1" type="stmt"/>
      <line num="501" count="1" type="stmt"/>
      <line num="503" count="0" type="stmt"/>
      <line num="506" count="1" type="stmt"/>
      <line num="509" count="0" type="stmt"/>
      <line num="513" count="1" type="stmt"/>
      <line num="514" count="0" type="stmt"/>
      <line num="515" count="0" type="stmt"/>
      <line num="517" count="0" type="stmt"/>
      <line num="518" count="0" type="stmt"/>
      <line num="519" count="0" type="stmt"/>
      <line num="520" count="0" type="stmt"/>
      <line num="521" count="0" type="stmt"/>
      <line num="522" count="0" type="stmt"/>
      <line num="523" count="0" type="cond" truecount="0" falsecount="2"/>
      <line num="524" count="0" type="stmt"/>
      <line num="525" count="0" type="stmt"/>
      <line num="526" count="0" type="stmt"/>
      <line num="529" count="0" type="stmt"/>
      <line num="530" count="0" type="stmt"/>
      <line num="531" count="0" type="stmt"/>
      <line num="532" count="0" type="stmt"/>
      <line num="535" count="0" type="stmt"/>
      <line num="536" count="0" type="stmt"/>
      <line num="537" count="0" type="stmt"/>
      <line num="539" count="0" type="stmt"/>
      <line num="544" count="0" type="stmt"/>
      <line num="545" count="0" type="stmt"/>
      <line num="556" count="0" type="stmt"/>
      <line num="558" count="0" type="stmt"/>
      <line num="559" count="0" type="stmt"/>
      <line num="560" count="0" type="stmt"/>
      <line num="562" count="0" type="stmt"/>
      <line num="563" count="0" type="stmt"/>
      <line num="564" count="0" type="stmt"/>
      <line num="565" count="0" type="stmt"/>
      <line num="566" count="0" type="stmt"/>
      <line num="569" count="0" type="cond" truecount="0" falsecount="2"/>
      <line num="570" count="0" type="stmt"/>
      <line num="573" count="0" type="cond" truecount="0" falsecount="2"/>
      <line num="574" count="0" type="stmt"/>
      <line num="581" count="0" type="stmt"/>
      <line num="587" count="0" type="stmt"/>
      <line num="589" count="0" type="stmt"/>
      <line num="590" count="0" type="stmt"/>
      <line num="594" count="1" type="stmt"/>
      <line num="597" count="0" type="stmt"/>
      <line num="598" count="0" type="stmt"/>
      <line num="599" count="0" type="stmt"/>
      <line num="600" count="0" type="stmt"/>
      <line num="601" count="0" type="stmt"/>
      <line num="603" count="0" type="stmt"/>
      <line num="604" count="0" type="cond" truecount="0" falsecount="2"/>
      <line num="605" count="0" type="stmt"/>
      <line num="606" count="0" type="stmt"/>
      <line num="607" count="0" type="stmt"/>
      <line num="610" count="0" type="stmt"/>
      <line num="611" count="0" type="stmt"/>
      <line num="612" count="0" type="stmt"/>
      <line num="613" count="0" type="stmt"/>
      <line num="616" count="0" type="stmt"/>
      <line num="617" count="0" type="stmt"/>
      <line num="618" count="0" type="stmt"/>
      <line num="620" count="0" type="stmt"/>
      <line num="623" count="0" type="stmt"/>
      <line num="624" count="0" type="stmt"/>
      <line num="625" count="0" type="stmt"/>
      <line num="627" count="0" type="stmt"/>
      <line num="630" count="1" type="stmt"/>
      <line num="633" count="0" type="stmt"/>
      <line num="634" count="0" type="stmt"/>
      <line num="635" count="0" type="stmt"/>
      <line num="636" count="0" type="cond" truecount="0" falsecount="2"/>
      <line num="637" count="0" type="stmt"/>
      <line num="638" count="0" type="stmt"/>
      <line num="639" count="0" type="stmt"/>
      <line num="642" count="0" type="stmt"/>
      <line num="643" count="0" type="stmt"/>
      <line num="644" count="0" type="stmt"/>
      <line num="645" count="0" type="stmt"/>
      <line num="648" count="0" type="stmt"/>
      <line num="649" count="0" type="stmt"/>
      <line num="650" count="0" type="stmt"/>
      <line num="652" count="0" type="stmt"/>
      <line num="655" count="0" type="stmt"/>
      <line num="657" count="0" type="stmt"/>
      <line num="658" count="0" type="stmt"/>
      <line num="659" count="0" type="stmt"/>
      <line num="660" count="0" type="stmt"/>
      <line num="662" count="0" type="stmt"/>
      <line num="665" count="1" type="stmt"/>
      <line num="668" count="0" type="stmt"/>
      <line num="669" count="0" type="stmt"/>
      <line num="670" count="0" type="stmt"/>
      <line num="672" count="0" type="stmt"/>
      <line num="673" count="0" type="cond" truecount="0" falsecount="2"/>
      <line num="674" count="0" type="stmt"/>
      <line num="675" count="0" type="stmt"/>
      <line num="676" count="0" type="stmt"/>
      <line num="679" count="0" type="stmt"/>
      <line num="680" count="0" type="stmt"/>
      <line num="681" count="0" type="stmt"/>
      <line num="682" count="0" type="stmt"/>
      <line num="685" count="0" type="stmt"/>
      <line num="686" count="0" type="stmt"/>
      <line num="687" count="0" type="stmt"/>
      <line num="689" count="0" type="stmt"/>
      <line num="692" count="0" type="stmt"/>
      <line num="694" count="0" type="stmt"/>
      <line num="695" count="0" type="stmt"/>
      <line num="696" count="0" type="stmt"/>
      <line num="697" count="0" type="stmt"/>
      <line num="699" count="0" type="cond" truecount="0" falsecount="4"/>
      <line num="700" count="0" type="stmt"/>
      <line num="702" count="0" type="stmt"/>
      <line num="703" count="0" type="stmt"/>
      <line num="707" count="0" type="stmt"/>
      <line num="716" count="0" type="stmt"/>
      <line num="717" count="0" type="stmt"/>
      <line num="719" count="0" type="stmt"/>
      <line num="720" count="0" type="stmt"/>
      <line num="723" count="1" type="stmt"/>
      <line num="727" count="0" type="stmt"/>
      <line num="728" count="0" type="stmt"/>
      <line num="729" count="0" type="stmt"/>
      <line num="730" count="0" type="stmt"/>
      <line num="732" count="0" type="stmt"/>
      <line num="733" count="0" type="cond" truecount="0" falsecount="2"/>
      <line num="734" count="0" type="stmt"/>
      <line num="735" count="0" type="stmt"/>
      <line num="736" count="0" type="stmt"/>
      <line num="739" count="0" type="stmt"/>
      <line num="740" count="0" type="stmt"/>
      <line num="741" count="0" type="stmt"/>
      <line num="742" count="0" type="stmt"/>
      <line num="745" count="0" type="stmt"/>
      <line num="746" count="0" type="stmt"/>
      <line num="747" count="0" type="stmt"/>
      <line num="749" count="0" type="stmt"/>
      <line num="752" count="0" type="stmt"/>
      <line num="753" count="0" type="stmt"/>
      <line num="754" count="0" type="cond" truecount="0" falsecount="4"/>
      <line num="755" count="0" type="stmt"/>
      <line num="757" count="0" type="stmt"/>
      <line num="759" count="0" type="stmt"/>
      <line num="763" count="0" type="stmt"/>
      <line num="764" count="0" type="stmt"/>
      <line num="767" count="1" type="stmt"/>
      <line num="771" count="0" type="stmt"/>
      <line num="772" count="0" type="stmt"/>
      <line num="773" count="0" type="stmt"/>
      <line num="774" count="0" type="stmt"/>
      <line num="776" count="0" type="stmt"/>
      <line num="777" count="0" type="cond" truecount="0" falsecount="2"/>
      <line num="778" count="0" type="stmt"/>
      <line num="779" count="0" type="stmt"/>
      <line num="780" count="0" type="stmt"/>
      <line num="783" count="0" type="stmt"/>
      <line num="784" count="0" type="stmt"/>
      <line num="785" count="0" type="stmt"/>
      <line num="786" count="0" type="stmt"/>
      <line num="789" count="0" type="stmt"/>
      <line num="790" count="0" type="stmt"/>
      <line num="791" count="0" type="stmt"/>
      <line num="793" count="0" type="stmt"/>
      <line num="796" count="0" type="stmt"/>
      <line num="797" count="0" type="stmt"/>
      <line num="798" count="0" type="cond" truecount="0" falsecount="4"/>
      <line num="799" count="0" type="stmt"/>
      <line num="800" count="0" type="stmt"/>
      <line num="801" count="0" type="cond" truecount="0" falsecount="2"/>
      <line num="805" count="0" type="stmt"/>
      <line num="809" count="0" type="stmt"/>
      <line num="810" count="0" type="stmt"/>
      <line num="813" count="1" type="stmt"/>
      <line num="817" count="0" type="stmt"/>
      <line num="818" count="0" type="stmt"/>
      <line num="820" count="0" type="stmt"/>
      <line num="822" count="0" type="stmt"/>
      <line num="823" count="0" type="cond" truecount="0" falsecount="2"/>
      <line num="824" count="0" type="stmt"/>
      <line num="825" count="0" type="stmt"/>
      <line num="826" count="0" type="stmt"/>
      <line num="829" count="0" type="stmt"/>
      <line num="830" count="0" type="stmt"/>
      <line num="831" count="0" type="stmt"/>
      <line num="832" count="0" type="stmt"/>
      <line num="835" count="0" type="stmt"/>
      <line num="836" count="0" type="stmt"/>
      <line num="837" count="0" type="stmt"/>
      <line num="839" count="0" type="stmt"/>
      <line num="842" count="0" type="stmt"/>
      <line num="844" count="0" type="stmt"/>
      <line num="845" count="0" type="stmt"/>
      <line num="852" count="0" type="cond" truecount="0" falsecount="2"/>
      <line num="854" count="0" type="stmt"/>
      <line num="857" count="0" type="stmt"/>
      <line num="860" count="0" type="stmt"/>
      <line num="861" count="0" type="stmt"/>
      <line num="865" count="1" type="stmt"/>
      <line num="866" count="1" type="stmt"/>
      <line num="867" count="1" type="stmt"/>
      <line num="868" count="1" type="stmt"/>
      <line num="870" count="1" type="stmt"/>
    </file>
  </project>
</coverage>
