{"/mnt/130b06a2-2c69-4702-991a-887b253e7579/vsCodeRepos/poosdBigProject-4/createJWT.js": {"path":"/mnt/130b06a2-2c69-4702-991a-887b253e7579/vsCodeRepos/poosdBigProject-4/createJWT.js","statementMap":{"0":{"start":{"line":1,"column":12},"end":{"line":1,"column":35}},"1":{"start":{"line":2,"column":0},"end":{"line":2,"column":27}},"2":{"start":{"line":4,"column":0},"end":{"line":7,"column":1}},"3":{"start":{"line":6,"column":4},"end":{"line":6,"column":42}},"4":{"start":{"line":9,"column":0},"end":{"line":34,"column":1}},"5":{"start":{"line":11,"column":4},"end":{"line":32,"column":5}},"6":{"start":{"line":13,"column":25},"end":{"line":13,"column":35}},"7":{"start":{"line":14,"column":19},"end":{"line":14,"column":66}},"8":{"start":{"line":16,"column":27},"end":{"line":16,"column":75}},"9":{"start":{"line":27,"column":16},"end":{"line":27,"column":41}},"10":{"start":{"line":31,"column":16},"end":{"line":31,"column":33}},"11":{"start":{"line":33,"column":4},"end":{"line":33,"column":15}},"12":{"start":{"line":36,"column":0},"end":{"line":53,"column":1}},"13":{"start":{"line":38,"column":17},"end":{"line":49,"column":5}},"14":{"start":{"line":41,"column":5},"end":{"line":48,"column":6}},"15":{"start":{"line":43,"column":7},"end":{"line":43,"column":19}},"16":{"start":{"line":47,"column":7},"end":{"line":47,"column":20}},"17":{"start":{"line":51,"column":3},"end":{"line":51,"column":18}},"18":{"start":{"line":55,"column":0},"end":{"line":65,"column":1}},"19":{"start":{"line":57,"column":11},"end":{"line":57,"column":44}},"20":{"start":{"line":59,"column":15},"end":{"line":59,"column":28}},"21":{"start":{"line":60,"column":18},"end":{"line":60,"column":38}},"22":{"start":{"line":61,"column":17},"end":{"line":61,"column":36}},"23":{"start":{"line":62,"column":18},"end":{"line":62,"column":34}},"24":{"start":{"line":64,"column":2},"end":{"line":64,"column":64}}},"fnMap":{"0":{"name":"(anonymous_0)","decl":{"start":{"line":4,"column":22},"end":{"line":4,"column":23}},"loc":{"start":{"line":5,"column":0},"end":{"line":7,"column":1}},"line":5},"1":{"name":"(anonymous_1)","decl":{"start":{"line":9,"column":15},"end":{"line":9,"column":16}},"loc":{"start":{"line":10,"column":0},"end":{"line":34,"column":1}},"line":10},"2":{"name":"(anonymous_2)","decl":{"start":{"line":36,"column":20},"end":{"line":36,"column":21}},"loc":{"start":{"line":37,"column":0},"end":{"line":53,"column":1}},"line":37},"3":{"name":"(anonymous_3)","decl":{"start":{"line":39,"column":5},"end":{"line":39,"column":6}},"loc":{"start":{"line":40,"column":3},"end":{"line":49,"column":4}},"line":40},"4":{"name":"(anonymous_4)","decl":{"start":{"line":55,"column":18},"end":{"line":55,"column":19}},"loc":{"start":{"line":56,"column":0},"end":{"line":65,"column":1}},"line":56}},"branchMap":{"0":{"loc":{"start":{"line":41,"column":5},"end":{"line":48,"column":6}},"type":"if","locations":[{"start":{"line":41,"column":5},"end":{"line":48,"column":6}},{"start":{"line":46,"column":5},"end":{"line":48,"column":6}}],"line":41}},"s":{"0":1,"1":1,"2":1,"3":1,"4":1,"5":1,"6":1,"7":1,"8":1,"9":1,"10":0,"11":1,"12":1,"13":0,"14":0,"15":0,"16":0,"17":0,"18":1,"19":0,"20":0,"21":0,"22":0,"23":0,"24":0},"f":{"0":1,"1":1,"2":0,"3":0,"4":0},"b":{"0":[0,0]},"_coverageSchema":"1a1c01bbd47fc00a2c39e90264f33305004495a9","hash":"b6fc1962ec55cb71c9b7c1b20926bb02e8faaa31"}
,"/mnt/130b06a2-2c69-4702-991a-887b253e7579/vsCodeRepos/poosdBigProject-4/email.js": {"path":"/mnt/130b06a2-2c69-4702-991a-887b253e7579/vsCodeRepos/poosdBigProject-4/email.js","statementMap":{"0":{"start":{"line":4,"column":15},"end":{"line":4,"column":32}},"1":{"start":{"line":5,"column":15},"end":{"line":5,"column":32}},"2":{"start":{"line":6,"column":19},"end":{"line":6,"column":40}},"3":{"start":{"line":7,"column":26},"end":{"line":7,"column":66}},"4":{"start":{"line":8,"column":17},"end":{"line":8,"column":36}},"5":{"start":{"line":9,"column":20},"end":{"line":9,"column":50}},"6":{"start":{"line":10,"column":12},"end":{"line":10,"column":100}},"7":{"start":{"line":11,"column":15},"end":{"line":11,"column":35}},"8":{"start":{"line":12,"column":0},"end":{"line":12,"column":17}},"9":{"start":{"line":13,"column":17},"end":{"line":13,"column":44}},"10":{"start":{"line":14,"column":0},"end":{"line":14,"column":27}},"11":{"start":{"line":15,"column":16},"end":{"line":15,"column":44}},"12":{"start":{"line":24,"column":18},"end":{"line":28,"column":2}},"13":{"start":{"line":30,"column":0},"end":{"line":55,"column":2}},"14":{"start":{"line":31,"column":11},"end":{"line":31,"column":31}},"15":{"start":{"line":33,"column":2},"end":{"line":54,"column":3}},"16":{"start":{"line":34,"column":17},"end":{"line":34,"column":80}},"17":{"start":{"line":36,"column":4},"end":{"line":50,"column":5}},"18":{"start":{"line":37,"column":6},"end":{"line":37,"column":151}},"19":{"start":{"line":40,"column":9},"end":{"line":50,"column":5}},"20":{"start":{"line":41,"column":6},"end":{"line":41,"column":62}},"21":{"start":{"line":44,"column":9},"end":{"line":50,"column":5}},"22":{"start":{"line":45,"column":6},"end":{"line":45,"column":103}},"23":{"start":{"line":49,"column":6},"end":{"line":49,"column":75}},"24":{"start":{"line":53,"column":4},"end":{"line":53,"column":78}},"25":{"start":{"line":58,"column":23},"end":{"line":62,"column":1}},"26":{"start":{"line":64,"column":18},"end":{"line":66,"column":1}},"27":{"start":{"line":68,"column":0},"end":{"line":127,"column":2}},"28":{"start":{"line":69,"column":11},"end":{"line":69,"column":31}},"29":{"start":{"line":70,"column":61},"end":{"line":70,"column":69}},"30":{"start":{"line":71,"column":14},"end":{"line":71,"column":50}},"31":{"start":{"line":73,"column":2},"end":{"line":125,"column":3}},"32":{"start":{"line":74,"column":15},"end":{"line":74,"column":78}},"33":{"start":{"line":77,"column":4},"end":{"line":121,"column":5}},"34":{"start":{"line":78,"column":6},"end":{"line":78,"column":109}},"35":{"start":{"line":84,"column":6},"end":{"line":92,"column":9}},"36":{"start":{"line":93,"column":6},"end":{"line":93,"column":76}},"37":{"start":{"line":96,"column":6},"end":{"line":102,"column":7}},"38":{"start":{"line":97,"column":20},"end":{"line":97,"column":174}},"39":{"start":{"line":98,"column":8},"end":{"line":98,"column":55}},"40":{"start":{"line":101,"column":8},"end":{"line":101,"column":92}},"41":{"start":{"line":105,"column":26},"end":{"line":111,"column":7}},"42":{"start":{"line":112,"column":24},"end":{"line":112,"column":324}},"43":{"start":{"line":113,"column":6},"end":{"line":118,"column":7}},"44":{"start":{"line":114,"column":8},"end":{"line":114,"column":41}},"45":{"start":{"line":117,"column":8},"end":{"line":117,"column":112}},"46":{"start":{"line":119,"column":6},"end":{"line":119,"column":194}},"47":{"start":{"line":124,"column":4},"end":{"line":124,"column":87}},"48":{"start":{"line":131,"column":0},"end":{"line":174,"column":2}},"49":{"start":{"line":132,"column":11},"end":{"line":132,"column":31}},"50":{"start":{"line":134,"column":2},"end":{"line":173,"column":3}},"51":{"start":{"line":135,"column":16},"end":{"line":135,"column":82}},"52":{"start":{"line":138,"column":4},"end":{"line":168,"column":5}},"53":{"start":{"line":139,"column":6},"end":{"line":139,"column":133}},"54":{"start":{"line":143,"column":6},"end":{"line":143,"column":98}},"55":{"start":{"line":146,"column":6},"end":{"line":167,"column":7}},"56":{"start":{"line":147,"column":8},"end":{"line":147,"column":116}},"57":{"start":{"line":150,"column":11},"end":{"line":167,"column":7}},"58":{"start":{"line":151,"column":8},"end":{"line":151,"column":93}},"59":{"start":{"line":156,"column":8},"end":{"line":166,"column":9}},"60":{"start":{"line":157,"column":10},"end":{"line":159,"column":15}},"61":{"start":{"line":162,"column":10},"end":{"line":162,"column":94}},"62":{"start":{"line":165,"column":10},"end":{"line":165,"column":94}},"63":{"start":{"line":172,"column":4},"end":{"line":172,"column":87}},"64":{"start":{"line":177,"column":0},"end":{"line":216,"column":2}},"65":{"start":{"line":179,"column":2},"end":{"line":215,"column":5}},"66":{"start":{"line":181,"column":4},"end":{"line":214,"column":5}},"67":{"start":{"line":182,"column":6},"end":{"line":182,"column":126}},"68":{"start":{"line":185,"column":9},"end":{"line":214,"column":5}},"69":{"start":{"line":186,"column":6},"end":{"line":186,"column":92}},"70":{"start":{"line":192,"column":18},"end":{"line":192,"column":97}},"71":{"start":{"line":193,"column":6},"end":{"line":213,"column":9}},"72":{"start":{"line":194,"column":8},"end":{"line":196,"column":9}},"73":{"start":{"line":195,"column":10},"end":{"line":195,"column":60}},"74":{"start":{"line":199,"column":28},"end":{"line":205,"column":9}},"75":{"start":{"line":206,"column":26},"end":{"line":206,"column":310}},"76":{"start":{"line":207,"column":8},"end":{"line":212,"column":11}},"77":{"start":{"line":208,"column":10},"end":{"line":210,"column":11}},"78":{"start":{"line":209,"column":12},"end":{"line":209,"column":116}},"79":{"start":{"line":211,"column":10},"end":{"line":211,"column":189}},"80":{"start":{"line":220,"column":0},"end":{"line":267,"column":2}},"81":{"start":{"line":221,"column":11},"end":{"line":221,"column":31}},"82":{"start":{"line":222,"column":18},"end":{"line":222,"column":26}},"83":{"start":{"line":223,"column":14},"end":{"line":223,"column":50}},"84":{"start":{"line":225,"column":2},"end":{"line":266,"column":3}},"85":{"start":{"line":226,"column":15},"end":{"line":226,"column":78}},"86":{"start":{"line":229,"column":4},"end":{"line":262,"column":5}},"87":{"start":{"line":230,"column":6},"end":{"line":230,"column":136}},"88":{"start":{"line":234,"column":6},"end":{"line":234,"column":111}},"89":{"start":{"line":237,"column":6},"end":{"line":243,"column":7}},"90":{"start":{"line":238,"column":20},"end":{"line":238,"column":174}},"91":{"start":{"line":239,"column":8},"end":{"line":239,"column":55}},"92":{"start":{"line":242,"column":8},"end":{"line":242,"column":92}},"93":{"start":{"line":246,"column":26},"end":{"line":252,"column":7}},"94":{"start":{"line":253,"column":24},"end":{"line":253,"column":353}},"95":{"start":{"line":254,"column":6},"end":{"line":259,"column":7}},"96":{"start":{"line":255,"column":8},"end":{"line":255,"column":41}},"97":{"start":{"line":258,"column":8},"end":{"line":258,"column":112}},"98":{"start":{"line":260,"column":6},"end":{"line":260,"column":194}},"99":{"start":{"line":265,"column":4},"end":{"line":265,"column":105}},"100":{"start":{"line":269,"column":0},"end":{"line":290,"column":2}},"101":{"start":{"line":270,"column":11},"end":{"line":270,"column":31}},"102":{"start":{"line":271,"column":28},"end":{"line":271,"column":36}},"103":{"start":{"line":273,"column":2},"end":{"line":288,"column":3}},"104":{"start":{"line":274,"column":15},"end":{"line":274,"column":78}},"105":{"start":{"line":277,"column":4},"end":{"line":283,"column":5}},"106":{"start":{"line":278,"column":6},"end":{"line":278,"column":128}},"107":{"start":{"line":282,"column":6},"end":{"line":282,"column":112}},"108":{"start":{"line":284,"column":4},"end":{"line":284,"column":100}},"109":{"start":{"line":287,"column":4},"end":{"line":287,"column":89}}},"fnMap":{"0":{"name":"(anonymous_0)","decl":{"start":{"line":30,"column":16},"end":{"line":30,"column":17}},"loc":{"start":{"line":30,"column":48},"end":{"line":55,"column":1}},"line":30},"1":{"name":"(anonymous_1)","decl":{"start":{"line":58,"column":23},"end":{"line":58,"column":24}},"loc":{"start":{"line":58,"column":41},"end":{"line":62,"column":1}},"line":58},"2":{"name":"(anonymous_2)","decl":{"start":{"line":64,"column":18},"end":{"line":64,"column":19}},"loc":{"start":{"line":64,"column":59},"end":{"line":66,"column":1}},"line":64},"3":{"name":"(anonymous_3)","decl":{"start":{"line":68,"column":17},"end":{"line":68,"column":18}},"loc":{"start":{"line":68,"column":49},"end":{"line":127,"column":1}},"line":68},"4":{"name":"(anonymous_4)","decl":{"start":{"line":131,"column":23},"end":{"line":131,"column":24}},"loc":{"start":{"line":131,"column":55},"end":{"line":174,"column":1}},"line":131},"5":{"name":"(anonymous_5)","decl":{"start":{"line":177,"column":21},"end":{"line":177,"column":22}},"loc":{"start":{"line":177,"column":47},"end":{"line":216,"column":1}},"line":177},"6":{"name":"(anonymous_6)","decl":{"start":{"line":179,"column":42},"end":{"line":179,"column":43}},"loc":{"start":{"line":179,"column":63},"end":{"line":215,"column":3}},"line":179},"7":{"name":"(anonymous_7)","decl":{"start":{"line":193,"column":17},"end":{"line":193,"column":18}},"loc":{"start":{"line":193,"column":32},"end":{"line":213,"column":7}},"line":193},"8":{"name":"(anonymous_8)","decl":{"start":{"line":207,"column":42},"end":{"line":207,"column":43}},"loc":{"start":{"line":207,"column":57},"end":{"line":212,"column":9}},"line":207},"9":{"name":"(anonymous_9)","decl":{"start":{"line":220,"column":24},"end":{"line":220,"column":25}},"loc":{"start":{"line":220,"column":56},"end":{"line":267,"column":1}},"line":220},"10":{"name":"(anonymous_10)","decl":{"start":{"line":269,"column":25},"end":{"line":269,"column":26}},"loc":{"start":{"line":269,"column":57},"end":{"line":290,"column":1}},"line":269}},"branchMap":{"0":{"loc":{"start":{"line":36,"column":4},"end":{"line":50,"column":5}},"type":"if","locations":[{"start":{"line":36,"column":4},"end":{"line":50,"column":5}},{"start":{"line":40,"column":9},"end":{"line":50,"column":5}}],"line":36},"1":{"loc":{"start":{"line":40,"column":9},"end":{"line":50,"column":5}},"type":"if","locations":[{"start":{"line":40,"column":9},"end":{"line":50,"column":5}},{"start":{"line":44,"column":9},"end":{"line":50,"column":5}}],"line":40},"2":{"loc":{"start":{"line":44,"column":9},"end":{"line":50,"column":5}},"type":"if","locations":[{"start":{"line":44,"column":9},"end":{"line":50,"column":5}},{"start":{"line":48,"column":9},"end":{"line":50,"column":5}}],"line":44},"3":{"loc":{"start":{"line":77,"column":4},"end":{"line":121,"column":5}},"type":"if","locations":[{"start":{"line":77,"column":4},"end":{"line":121,"column":5}},{"start":{"line":81,"column":9},"end":{"line":121,"column":5}}],"line":77},"4":{"loc":{"start":{"line":138,"column":4},"end":{"line":168,"column":5}},"type":"if","locations":[{"start":{"line":138,"column":4},"end":{"line":168,"column":5}},{"start":{"line":142,"column":9},"end":{"line":168,"column":5}}],"line":138},"5":{"loc":{"start":{"line":146,"column":6},"end":{"line":167,"column":7}},"type":"if","locations":[{"start":{"line":146,"column":6},"end":{"line":167,"column":7}},{"start":{"line":150,"column":11},"end":{"line":167,"column":7}}],"line":146},"6":{"loc":{"start":{"line":150,"column":11},"end":{"line":167,"column":7}},"type":"if","locations":[{"start":{"line":150,"column":11},"end":{"line":167,"column":7}},{"start":{"line":154,"column":11},"end":{"line":167,"column":7}}],"line":150},"7":{"loc":{"start":{"line":181,"column":4},"end":{"line":214,"column":5}},"type":"if","locations":[{"start":{"line":181,"column":4},"end":{"line":214,"column":5}},{"start":{"line":185,"column":9},"end":{"line":214,"column":5}}],"line":181},"8":{"loc":{"start":{"line":185,"column":9},"end":{"line":214,"column":5}},"type":"if","locations":[{"start":{"line":185,"column":9},"end":{"line":214,"column":5}},{"start":{"line":190,"column":9},"end":{"line":214,"column":5}}],"line":185},"9":{"loc":{"start":{"line":194,"column":8},"end":{"line":196,"column":9}},"type":"if","locations":[{"start":{"line":194,"column":8},"end":{"line":196,"column":9}},{"start":{},"end":{}}],"line":194},"10":{"loc":{"start":{"line":208,"column":10},"end":{"line":210,"column":11}},"type":"if","locations":[{"start":{"line":208,"column":10},"end":{"line":210,"column":11}},{"start":{},"end":{}}],"line":208},"11":{"loc":{"start":{"line":229,"column":4},"end":{"line":262,"column":5}},"type":"if","locations":[{"start":{"line":229,"column":4},"end":{"line":262,"column":5}},{"start":{"line":233,"column":9},"end":{"line":262,"column":5}}],"line":229},"12":{"loc":{"start":{"line":277,"column":4},"end":{"line":283,"column":5}},"type":"if","locations":[{"start":{"line":277,"column":4},"end":{"line":283,"column":5}},{"start":{"line":281,"column":9},"end":{"line":283,"column":5}}],"line":277}},"s":{"0":1,"1":1,"2":1,"3":1,"4":1,"5":1,"6":1,"7":1,"8":1,"9":1,"10":1,"11":1,"12":1,"13":1,"14":0,"15":0,"16":0,"17":0,"18":0,"19":0,"20":0,"21":0,"22":0,"23":0,"24":0,"25":1,"26":1,"27":1,"28":0,"29":0,"30":0,"31":0,"32":0,"33":0,"34":0,"35":0,"36":0,"37":0,"38":0,"39":0,"40":0,"41":0,"42":0,"43":0,"44":0,"45":0,"46":0,"47":0,"48":1,"49":0,"50":0,"51":0,"52":0,"53":0,"54":0,"55":0,"56":0,"57":0,"58":0,"59":0,"60":0,"61":0,"62":0,"63":0,"64":1,"65":0,"66":0,"67":0,"68":0,"69":0,"70":0,"71":0,"72":0,"73":0,"74":0,"75":0,"76":0,"77":0,"78":0,"79":0,"80":1,"81":0,"82":0,"83":0,"84":0,"85":0,"86":0,"87":0,"88":0,"89":0,"90":0,"91":0,"92":0,"93":0,"94":0,"95":0,"96":0,"97":0,"98":0,"99":0,"100":1,"101":0,"102":0,"103":0,"104":0,"105":0,"106":0,"107":0,"108":0,"109":0},"f":{"0":0,"1":0,"2":0,"3":0,"4":0,"5":0,"6":0,"7":0,"8":0,"9":0,"10":0},"b":{"0":[0,0],"1":[0,0],"2":[0,0],"3":[0,0],"4":[0,0],"5":[0,0],"6":[0,0],"7":[0,0],"8":[0,0],"9":[0,0],"10":[0,0],"11":[0,0],"12":[0,0]},"_coverageSchema":"1a1c01bbd47fc00a2c39e90264f33305004495a9","hash":"f9a093e8811deb95c6132045a31c07e3e87bf05c"}
,"/mnt/130b06a2-2c69-4702-991a-887b253e7579/vsCodeRepos/poosdBigProject-4/server.js": {"path":"/mnt/130b06a2-2c69-4702-991a-887b253e7579/vsCodeRepos/poosdBigProject-4/server.js","statementMap":{"0":{"start":{"line":8,"column":4},"end":{"line":8,"column":22}},"1":{"start":{"line":9,"column":16},"end":{"line":9,"column":34}},"2":{"start":{"line":10,"column":19},"end":{"line":10,"column":41}},"3":{"start":{"line":11,"column":13},"end":{"line":11,"column":28}},"4":{"start":{"line":12,"column":13},"end":{"line":12,"column":33}},"5":{"start":{"line":13,"column":14},"end":{"line":13,"column":30}},"6":{"start":{"line":14,"column":13},"end":{"line":14,"column":37}},"7":{"start":{"line":15,"column":12},"end":{"line":15,"column":21}},"8":{"start":{"line":16,"column":20},"end":{"line":16,"column":50}},"9":{"start":{"line":17,"column":26},"end":{"line":17,"column":55}},"10":{"start":{"line":18,"column":17},"end":{"line":18,"column":44}},"11":{"start":{"line":20,"column":15},"end":{"line":20,"column":32}},"12":{"start":{"line":21,"column":15},"end":{"line":21,"column":32}},"13":{"start":{"line":22,"column":19},"end":{"line":22,"column":40}},"14":{"start":{"line":23,"column":26},"end":{"line":23,"column":66}},"15":{"start":{"line":24,"column":17},"end":{"line":24,"column":36}},"16":{"start":{"line":27,"column":0},"end":{"line":27,"column":27}},"17":{"start":{"line":28,"column":12},"end":{"line":28,"column":35}},"18":{"start":{"line":29,"column":15},"end":{"line":29,"column":35}},"19":{"start":{"line":30,"column":16},"end":{"line":30,"column":45}},"20":{"start":{"line":31,"column":26},"end":{"line":31,"column":54}},"21":{"start":{"line":34,"column":0},"end":{"line":34,"column":17}},"22":{"start":{"line":35,"column":0},"end":{"line":35,"column":42}},"23":{"start":{"line":36,"column":0},"end":{"line":36,"column":16}},"24":{"start":{"line":37,"column":0},"end":{"line":37,"column":27}},"25":{"start":{"line":39,"column":0},"end":{"line":44,"column":1}},"26":{"start":{"line":40,"column":2},"end":{"line":40,"column":44}},"27":{"start":{"line":41,"column":2},"end":{"line":43,"column":5}},"28":{"start":{"line":42,"column":4},"end":{"line":42,"column":77}},"29":{"start":{"line":45,"column":0},"end":{"line":49,"column":1}},"30":{"start":{"line":46,"column":2},"end":{"line":48,"column":5}},"31":{"start":{"line":47,"column":4},"end":{"line":47,"column":52}},"32":{"start":{"line":52,"column":15},"end":{"line":52,"column":32}},"33":{"start":{"line":55,"column":18},"end":{"line":63,"column":2}},"34":{"start":{"line":69,"column":18},"end":{"line":75,"column":3}},"35":{"start":{"line":77,"column":2},"end":{"line":82,"column":3}},"36":{"start":{"line":78,"column":21},"end":{"line":78,"column":49}},"37":{"start":{"line":79,"column":4},"end":{"line":79,"column":33}},"38":{"start":{"line":81,"column":4},"end":{"line":81,"column":25}},"39":{"start":{"line":89,"column":18},"end":{"line":102,"column":3}},"40":{"start":{"line":104,"column":2},"end":{"line":110,"column":3}},"41":{"start":{"line":105,"column":21},"end":{"line":105,"column":49}},"42":{"start":{"line":107,"column":4},"end":{"line":107,"column":33}},"43":{"start":{"line":109,"column":4},"end":{"line":109,"column":25}},"44":{"start":{"line":117,"column":18},"end":{"line":128,"column":3}},"45":{"start":{"line":130,"column":2},"end":{"line":135,"column":3}},"46":{"start":{"line":131,"column":21},"end":{"line":131,"column":49}},"47":{"start":{"line":132,"column":4},"end":{"line":132,"column":30}},"48":{"start":{"line":134,"column":4},"end":{"line":134,"column":25}},"49":{"start":{"line":148,"column":15},"end":{"line":148,"column":38}},"50":{"start":{"line":150,"column":2},"end":{"line":150,"column":21}},"51":{"start":{"line":151,"column":2},"end":{"line":153,"column":3}},"52":{"start":{"line":152,"column":4},"end":{"line":152,"column":58}},"53":{"start":{"line":154,"column":2},"end":{"line":154,"column":23}},"54":{"start":{"line":155,"column":2},"end":{"line":157,"column":3}},"55":{"start":{"line":156,"column":4},"end":{"line":156,"column":59}},"56":{"start":{"line":158,"column":2},"end":{"line":158,"column":27}},"57":{"start":{"line":159,"column":2},"end":{"line":161,"column":3}},"58":{"start":{"line":160,"column":4},"end":{"line":160,"column":65}},"59":{"start":{"line":162,"column":2},"end":{"line":162,"column":27}},"60":{"start":{"line":163,"column":2},"end":{"line":165,"column":3}},"61":{"start":{"line":164,"column":4},"end":{"line":164,"column":66}},"62":{"start":{"line":166,"column":2},"end":{"line":166,"column":26}},"63":{"start":{"line":171,"column":2},"end":{"line":171,"column":17}},"64":{"start":{"line":172,"column":2},"end":{"line":172,"column":20}},"65":{"start":{"line":173,"column":17},"end":{"line":173,"column":34}},"66":{"start":{"line":174,"column":2},"end":{"line":174,"column":23}},"67":{"start":{"line":175,"column":2},"end":{"line":175,"column":20}},"68":{"start":{"line":176,"column":2},"end":{"line":176,"column":20}},"69":{"start":{"line":181,"column":18},"end":{"line":226,"column":1}},"70":{"start":{"line":182,"column":13},"end":{"line":182,"column":34}},"71":{"start":{"line":183,"column":17},"end":{"line":183,"column":36}},"72":{"start":{"line":184,"column":15},"end":{"line":184,"column":55}},"73":{"start":{"line":185,"column":17},"end":{"line":185,"column":78}},"74":{"start":{"line":186,"column":13},"end":{"line":186,"column":15}},"75":{"start":{"line":187,"column":13},"end":{"line":187,"column":15}},"76":{"start":{"line":188,"column":16},"end":{"line":188,"column":18}},"77":{"start":{"line":190,"column":2},"end":{"line":222,"column":3}},"78":{"start":{"line":191,"column":4},"end":{"line":191,"column":41}},"79":{"start":{"line":192,"column":4},"end":{"line":192,"column":17}},"80":{"start":{"line":194,"column":4},"end":{"line":214,"column":5}},"81":{"start":{"line":195,"column":6},"end":{"line":195,"column":24}},"82":{"start":{"line":196,"column":6},"end":{"line":196,"column":50}},"83":{"start":{"line":198,"column":6},"end":{"line":211,"column":7}},"84":{"start":{"line":199,"column":8},"end":{"line":199,"column":34}},"85":{"start":{"line":201,"column":8},"end":{"line":208,"column":9}},"86":{"start":{"line":202,"column":10},"end":{"line":202,"column":25}},"87":{"start":{"line":203,"column":15},"end":{"line":208,"column":9}},"88":{"start":{"line":204,"column":10},"end":{"line":204,"column":23}},"89":{"start":{"line":206,"column":10},"end":{"line":206,"column":28}},"90":{"start":{"line":207,"column":10},"end":{"line":207,"column":25}},"91":{"start":{"line":210,"column":8},"end":{"line":210,"column":23}},"92":{"start":{"line":213,"column":6},"end":{"line":213,"column":77}},"93":{"start":{"line":217,"column":4},"end":{"line":220,"column":39}},"94":{"start":{"line":218,"column":6},"end":{"line":218,"column":40}},"95":{"start":{"line":219,"column":6},"end":{"line":219,"column":47}},"96":{"start":{"line":220,"column":11},"end":{"line":220,"column":39}},"97":{"start":{"line":221,"column":4},"end":{"line":221,"column":22}},"98":{"start":{"line":230,"column":2},"end":{"line":232,"column":5}},"99":{"start":{"line":231,"column":4},"end":{"line":231,"column":30}},"100":{"start":{"line":235,"column":17},"end":{"line":255,"column":1}},"101":{"start":{"line":236,"column":18},"end":{"line":247,"column":3}},"102":{"start":{"line":249,"column":2},"end":{"line":254,"column":3}},"103":{"start":{"line":250,"column":21},"end":{"line":250,"column":49}},"104":{"start":{"line":251,"column":4},"end":{"line":251,"column":30}},"105":{"start":{"line":253,"column":4},"end":{"line":253,"column":25}},"106":{"start":{"line":257,"column":18},"end":{"line":273,"column":1}},"107":{"start":{"line":258,"column":18},"end":{"line":265,"column":3}},"108":{"start":{"line":267,"column":2},"end":{"line":272,"column":3}},"109":{"start":{"line":268,"column":21},"end":{"line":268,"column":49}},"110":{"start":{"line":269,"column":4},"end":{"line":269,"column":30}},"111":{"start":{"line":271,"column":4},"end":{"line":271,"column":25}},"112":{"start":{"line":275,"column":21},"end":{"line":278,"column":1}},"113":{"start":{"line":276,"column":13},"end":{"line":276,"column":34}},"114":{"start":{"line":277,"column":2},"end":{"line":277,"column":20}},"115":{"start":{"line":280,"column":21},"end":{"line":285,"column":1}},"116":{"start":{"line":281,"column":13},"end":{"line":281,"column":34}},"117":{"start":{"line":282,"column":2},"end":{"line":284,"column":3}},"118":{"start":{"line":283,"column":4},"end":{"line":283,"column":31}},"119":{"start":{"line":288,"column":0},"end":{"line":346,"column":3}},"120":{"start":{"line":291,"column":14},"end":{"line":291,"column":39}},"121":{"start":{"line":292,"column":14},"end":{"line":292,"column":16}},"122":{"start":{"line":293,"column":36},"end":{"line":293,"column":44}},"123":{"start":{"line":295,"column":2},"end":{"line":306,"column":3}},"124":{"start":{"line":296,"column":4},"end":{"line":300,"column":5}},"125":{"start":{"line":297,"column":14},"end":{"line":297,"column":67}},"126":{"start":{"line":298,"column":6},"end":{"line":298,"column":30}},"127":{"start":{"line":299,"column":6},"end":{"line":299,"column":13}},"128":{"start":{"line":302,"column":4},"end":{"line":302,"column":27}},"129":{"start":{"line":303,"column":12},"end":{"line":303,"column":46}},"130":{"start":{"line":304,"column":4},"end":{"line":304,"column":28}},"131":{"start":{"line":305,"column":4},"end":{"line":305,"column":11}},"132":{"start":{"line":308,"column":23},"end":{"line":308,"column":27}},"133":{"start":{"line":309,"column":2},"end":{"line":313,"column":3}},"134":{"start":{"line":310,"column":4},"end":{"line":310,"column":45}},"135":{"start":{"line":312,"column":4},"end":{"line":312,"column":27}},"136":{"start":{"line":315,"column":15},"end":{"line":315,"column":39}},"137":{"start":{"line":316,"column":24},"end":{"line":316,"column":59}},"138":{"start":{"line":317,"column":11},"end":{"line":317,"column":32}},"139":{"start":{"line":318,"column":21},"end":{"line":318,"column":79}},"140":{"start":{"line":320,"column":2},"end":{"line":320,"column":28}},"141":{"start":{"line":321,"column":23},"end":{"line":324,"column":14}},"142":{"start":{"line":326,"column":14},"end":{"line":326,"column":16}},"143":{"start":{"line":327,"column":16},"end":{"line":327,"column":18}},"144":{"start":{"line":328,"column":13},"end":{"line":328,"column":15}},"145":{"start":{"line":329,"column":2},"end":{"line":332,"column":3}},"146":{"start":{"line":330,"column":4},"end":{"line":330,"column":32}},"147":{"start":{"line":331,"column":4},"end":{"line":331,"column":30}},"148":{"start":{"line":334,"column":2},"end":{"line":336,"column":3}},"149":{"start":{"line":335,"column":4},"end":{"line":335,"column":38}},"150":{"start":{"line":338,"column":12},"end":{"line":344,"column":3}},"151":{"start":{"line":345,"column":2},"end":{"line":345,"column":28}},"152":{"start":{"line":348,"column":0},"end":{"line":459,"column":3}},"153":{"start":{"line":351,"column":14},"end":{"line":351,"column":39}},"154":{"start":{"line":352,"column":14},"end":{"line":352,"column":16}},"155":{"start":{"line":353,"column":13},"end":{"line":353,"column":33}},"156":{"start":{"line":354,"column":61},"end":{"line":354,"column":69}},"157":{"start":{"line":355,"column":14},"end":{"line":355,"column":50}},"158":{"start":{"line":356,"column":19},"end":{"line":356,"column":38}},"159":{"start":{"line":358,"column":2},"end":{"line":458,"column":3}},"160":{"start":{"line":359,"column":4},"end":{"line":359,"column":45}},"161":{"start":{"line":360,"column":4},"end":{"line":360,"column":30}},"162":{"start":{"line":362,"column":4},"end":{"line":457,"column":5}},"163":{"start":{"line":363,"column":6},"end":{"line":363,"column":40}},"164":{"start":{"line":364,"column":17},"end":{"line":364,"column":71}},"165":{"start":{"line":365,"column":6},"end":{"line":365,"column":33}},"166":{"start":{"line":368,"column":6},"end":{"line":452,"column":7}},"167":{"start":{"line":369,"column":8},"end":{"line":373,"column":13}},"168":{"start":{"line":379,"column":8},"end":{"line":379,"column":41}},"169":{"start":{"line":380,"column":8},"end":{"line":388,"column":11}},"170":{"start":{"line":389,"column":8},"end":{"line":389,"column":34}},"171":{"start":{"line":390,"column":8},"end":{"line":390,"column":79}},"172":{"start":{"line":393,"column":8},"end":{"line":408,"column":9}},"173":{"start":{"line":394,"column":22},"end":{"line":402,"column":12}},"174":{"start":{"line":403,"column":10},"end":{"line":403,"column":57}},"175":{"start":{"line":405,"column":10},"end":{"line":407,"column":74}},"176":{"start":{"line":411,"column":28},"end":{"line":417,"column":9}},"177":{"start":{"line":418,"column":26},"end":{"line":433,"column":9}},"178":{"start":{"line":434,"column":8},"end":{"line":442,"column":9}},"179":{"start":{"line":435,"column":10},"end":{"line":435,"column":44}},"180":{"start":{"line":437,"column":10},"end":{"line":441,"column":15}},"181":{"start":{"line":443,"column":8},"end":{"line":450,"column":13}},"182":{"start":{"line":454,"column":6},"end":{"line":456,"column":69}},"183":{"start":{"line":461,"column":0},"end":{"line":511,"column":3}},"184":{"start":{"line":464,"column":14},"end":{"line":464,"column":39}},"185":{"start":{"line":465,"column":14},"end":{"line":465,"column":16}},"186":{"start":{"line":466,"column":33},"end":{"line":466,"column":41}},"187":{"start":{"line":467,"column":2},"end":{"line":467,"column":34}},"188":{"start":{"line":469,"column":11},"end":{"line":469,"column":31}},"189":{"start":{"line":471,"column":2},"end":{"line":510,"column":3}},"190":{"start":{"line":472,"column":17},"end":{"line":474,"column":58}},"191":{"start":{"line":475,"column":15},"end":{"line":475,"column":23}},"192":{"start":{"line":476,"column":15},"end":{"line":476,"column":29}},"193":{"start":{"line":477,"column":15},"end":{"line":477,"column":28}},"194":{"start":{"line":478,"column":15},"end":{"line":478,"column":25}},"195":{"start":{"line":481,"column":4},"end":{"line":507,"column":5}},"196":{"start":{"line":482,"column":6},"end":{"line":482,"column":79}},"197":{"start":{"line":489,"column":9},"end":{"line":507,"column":5}},"198":{"start":{"line":490,"column":6},"end":{"line":494,"column":11}},"199":{"start":{"line":498,"column":6},"end":{"line":504,"column":7}},"200":{"start":{"line":499,"column":22},"end":{"line":499,"column":47}},"201":{"start":{"line":500,"column":8},"end":{"line":500,"column":48}},"202":{"start":{"line":501,"column":8},"end":{"line":501,"column":25}},"203":{"start":{"line":503,"column":8},"end":{"line":503,"column":35}},"204":{"start":{"line":506,"column":6},"end":{"line":506,"column":39}},"205":{"start":{"line":509,"column":4},"end":{"line":509,"column":76}},"206":{"start":{"line":513,"column":0},"end":{"line":592,"column":3}},"207":{"start":{"line":514,"column":14},"end":{"line":514,"column":39}},"208":{"start":{"line":515,"column":14},"end":{"line":515,"column":16}},"209":{"start":{"line":517,"column":17},"end":{"line":517,"column":34}},"210":{"start":{"line":518,"column":23},"end":{"line":518,"column":31}},"211":{"start":{"line":519,"column":2},"end":{"line":519,"column":33}},"212":{"start":{"line":520,"column":2},"end":{"line":520,"column":43}},"213":{"start":{"line":521,"column":2},"end":{"line":521,"column":40}},"214":{"start":{"line":522,"column":2},"end":{"line":533,"column":3}},"215":{"start":{"line":523,"column":4},"end":{"line":527,"column":5}},"216":{"start":{"line":524,"column":14},"end":{"line":524,"column":67}},"217":{"start":{"line":525,"column":6},"end":{"line":525,"column":30}},"218":{"start":{"line":526,"column":6},"end":{"line":526,"column":13}},"219":{"start":{"line":529,"column":4},"end":{"line":529,"column":27}},"220":{"start":{"line":530,"column":12},"end":{"line":530,"column":46}},"221":{"start":{"line":531,"column":4},"end":{"line":531,"column":28}},"222":{"start":{"line":532,"column":4},"end":{"line":532,"column":11}},"223":{"start":{"line":535,"column":23},"end":{"line":535,"column":27}},"224":{"start":{"line":536,"column":2},"end":{"line":540,"column":3}},"225":{"start":{"line":537,"column":4},"end":{"line":537,"column":45}},"226":{"start":{"line":539,"column":4},"end":{"line":539,"column":27}},"227":{"start":{"line":544,"column":2},"end":{"line":591,"column":3}},"228":{"start":{"line":545,"column":20},"end":{"line":555,"column":5}},"229":{"start":{"line":556,"column":15},"end":{"line":556,"column":36}},"230":{"start":{"line":558,"column":21},"end":{"line":558,"column":49}},"231":{"start":{"line":559,"column":17},"end":{"line":559,"column":35}},"232":{"start":{"line":560,"column":4},"end":{"line":560,"column":36}},"233":{"start":{"line":562,"column":24},"end":{"line":562,"column":60}},"234":{"start":{"line":563,"column":24},"end":{"line":563,"column":26}},"235":{"start":{"line":564,"column":12},"end":{"line":564,"column":13}},"236":{"start":{"line":565,"column":4},"end":{"line":585,"column":5}},"237":{"start":{"line":566,"column":6},"end":{"line":584,"column":7}},"238":{"start":{"line":569,"column":8},"end":{"line":583,"column":9}},"239":{"start":{"line":570,"column":26},"end":{"line":572,"column":46}},"240":{"start":{"line":573,"column":10},"end":{"line":582,"column":11}},"241":{"start":{"line":574,"column":31},"end":{"line":580,"column":13}},"242":{"start":{"line":581,"column":12},"end":{"line":581,"column":41}},"243":{"start":{"line":587,"column":4},"end":{"line":587,"column":42}},"244":{"start":{"line":589,"column":4},"end":{"line":589,"column":25}},"245":{"start":{"line":590,"column":4},"end":{"line":590,"column":45}},"246":{"start":{"line":594,"column":0},"end":{"line":628,"column":3}},"247":{"start":{"line":597,"column":14},"end":{"line":597,"column":39}},"248":{"start":{"line":598,"column":14},"end":{"line":598,"column":16}},"249":{"start":{"line":599,"column":13},"end":{"line":599,"column":34}},"250":{"start":{"line":600,"column":2},"end":{"line":600,"column":22}},"251":{"start":{"line":601,"column":23},"end":{"line":601,"column":31}},"252":{"start":{"line":603,"column":2},"end":{"line":614,"column":3}},"253":{"start":{"line":604,"column":4},"end":{"line":608,"column":5}},"254":{"start":{"line":605,"column":14},"end":{"line":605,"column":67}},"255":{"start":{"line":606,"column":6},"end":{"line":606,"column":30}},"256":{"start":{"line":607,"column":6},"end":{"line":607,"column":13}},"257":{"start":{"line":610,"column":4},"end":{"line":610,"column":27}},"258":{"start":{"line":611,"column":12},"end":{"line":611,"column":46}},"259":{"start":{"line":612,"column":4},"end":{"line":612,"column":28}},"260":{"start":{"line":613,"column":4},"end":{"line":613,"column":11}},"261":{"start":{"line":616,"column":23},"end":{"line":616,"column":27}},"262":{"start":{"line":617,"column":2},"end":{"line":621,"column":3}},"263":{"start":{"line":618,"column":4},"end":{"line":618,"column":45}},"264":{"start":{"line":620,"column":4},"end":{"line":620,"column":27}},"265":{"start":{"line":623,"column":22},"end":{"line":623,"column":58}},"266":{"start":{"line":624,"column":18},"end":{"line":624,"column":52}},"267":{"start":{"line":624,"column":43},"end":{"line":624,"column":51}},"268":{"start":{"line":625,"column":2},"end":{"line":625,"column":17}},"269":{"start":{"line":627,"column":2},"end":{"line":627,"column":32}},"270":{"start":{"line":630,"column":0},"end":{"line":663,"column":3}},"271":{"start":{"line":633,"column":29},"end":{"line":633,"column":37}},"272":{"start":{"line":634,"column":14},"end":{"line":634,"column":39}},"273":{"start":{"line":635,"column":2},"end":{"line":646,"column":3}},"274":{"start":{"line":636,"column":4},"end":{"line":640,"column":5}},"275":{"start":{"line":637,"column":14},"end":{"line":637,"column":67}},"276":{"start":{"line":638,"column":6},"end":{"line":638,"column":30}},"277":{"start":{"line":639,"column":6},"end":{"line":639,"column":13}},"278":{"start":{"line":642,"column":4},"end":{"line":642,"column":27}},"279":{"start":{"line":643,"column":12},"end":{"line":643,"column":46}},"280":{"start":{"line":644,"column":4},"end":{"line":644,"column":28}},"281":{"start":{"line":645,"column":4},"end":{"line":645,"column":11}},"282":{"start":{"line":648,"column":23},"end":{"line":648,"column":27}},"283":{"start":{"line":649,"column":2},"end":{"line":653,"column":3}},"284":{"start":{"line":650,"column":4},"end":{"line":650,"column":45}},"285":{"start":{"line":652,"column":4},"end":{"line":652,"column":27}},"286":{"start":{"line":655,"column":14},"end":{"line":655,"column":16}},"287":{"start":{"line":657,"column":11},"end":{"line":657,"column":32}},"288":{"start":{"line":658,"column":15},"end":{"line":658,"column":59}},"289":{"start":{"line":659,"column":2},"end":{"line":659,"column":22}},"290":{"start":{"line":660,"column":2},"end":{"line":660,"column":49}},"291":{"start":{"line":660,"column":33},"end":{"line":660,"column":47}},"292":{"start":{"line":662,"column":2},"end":{"line":662,"column":31}},"293":{"start":{"line":665,"column":0},"end":{"line":721,"column":3}},"294":{"start":{"line":668,"column":14},"end":{"line":668,"column":39}},"295":{"start":{"line":669,"column":14},"end":{"line":669,"column":16}},"296":{"start":{"line":670,"column":27},"end":{"line":670,"column":35}},"297":{"start":{"line":672,"column":2},"end":{"line":683,"column":3}},"298":{"start":{"line":673,"column":4},"end":{"line":677,"column":5}},"299":{"start":{"line":674,"column":14},"end":{"line":674,"column":67}},"300":{"start":{"line":675,"column":6},"end":{"line":675,"column":30}},"301":{"start":{"line":676,"column":6},"end":{"line":676,"column":13}},"302":{"start":{"line":679,"column":4},"end":{"line":679,"column":27}},"303":{"start":{"line":680,"column":12},"end":{"line":680,"column":46}},"304":{"start":{"line":681,"column":4},"end":{"line":681,"column":28}},"305":{"start":{"line":682,"column":4},"end":{"line":682,"column":11}},"306":{"start":{"line":685,"column":23},"end":{"line":685,"column":27}},"307":{"start":{"line":686,"column":2},"end":{"line":690,"column":3}},"308":{"start":{"line":687,"column":4},"end":{"line":687,"column":45}},"309":{"start":{"line":689,"column":4},"end":{"line":689,"column":27}},"310":{"start":{"line":692,"column":16},"end":{"line":692,"column":18}},"311":{"start":{"line":694,"column":13},"end":{"line":694,"column":33}},"312":{"start":{"line":695,"column":16},"end":{"line":695,"column":79}},"313":{"start":{"line":696,"column":20},"end":{"line":696,"column":22}},"314":{"start":{"line":697,"column":2},"end":{"line":697,"column":41}},"315":{"start":{"line":699,"column":2},"end":{"line":714,"column":3}},"316":{"start":{"line":700,"column":4},"end":{"line":700,"column":48}},"317":{"start":{"line":702,"column":4},"end":{"line":713,"column":7}},"318":{"start":{"line":703,"column":6},"end":{"line":706,"column":42}},"319":{"start":{"line":707,"column":6},"end":{"line":712,"column":8}},"320":{"start":{"line":716,"column":21},"end":{"line":716,"column":51}},"321":{"start":{"line":717,"column":2},"end":{"line":717,"column":23}},"322":{"start":{"line":719,"column":12},"end":{"line":719,"column":45}},"323":{"start":{"line":720,"column":2},"end":{"line":720,"column":28}},"324":{"start":{"line":723,"column":0},"end":{"line":765,"column":3}},"325":{"start":{"line":727,"column":14},"end":{"line":727,"column":39}},"326":{"start":{"line":728,"column":14},"end":{"line":728,"column":16}},"327":{"start":{"line":729,"column":40},"end":{"line":729,"column":48}},"328":{"start":{"line":730,"column":16},"end":{"line":730,"column":18}},"329":{"start":{"line":732,"column":2},"end":{"line":743,"column":3}},"330":{"start":{"line":733,"column":4},"end":{"line":737,"column":5}},"331":{"start":{"line":734,"column":14},"end":{"line":734,"column":67}},"332":{"start":{"line":735,"column":6},"end":{"line":735,"column":30}},"333":{"start":{"line":736,"column":6},"end":{"line":736,"column":13}},"334":{"start":{"line":739,"column":4},"end":{"line":739,"column":27}},"335":{"start":{"line":740,"column":12},"end":{"line":740,"column":46}},"336":{"start":{"line":741,"column":4},"end":{"line":741,"column":28}},"337":{"start":{"line":742,"column":4},"end":{"line":742,"column":11}},"338":{"start":{"line":745,"column":23},"end":{"line":745,"column":27}},"339":{"start":{"line":746,"column":2},"end":{"line":750,"column":3}},"340":{"start":{"line":747,"column":4},"end":{"line":747,"column":45}},"341":{"start":{"line":749,"column":4},"end":{"line":749,"column":27}},"342":{"start":{"line":752,"column":13},"end":{"line":752,"column":33}},"343":{"start":{"line":753,"column":16},"end":{"line":753,"column":79}},"344":{"start":{"line":754,"column":2},"end":{"line":756,"column":3}},"345":{"start":{"line":755,"column":4},"end":{"line":755,"column":48}},"346":{"start":{"line":757,"column":2},"end":{"line":757,"column":45}},"347":{"start":{"line":759,"column":2},"end":{"line":761,"column":74}},"348":{"start":{"line":763,"column":12},"end":{"line":763,"column":65}},"349":{"start":{"line":764,"column":2},"end":{"line":764,"column":28}},"350":{"start":{"line":767,"column":0},"end":{"line":811,"column":3}},"351":{"start":{"line":771,"column":14},"end":{"line":771,"column":39}},"352":{"start":{"line":772,"column":14},"end":{"line":772,"column":16}},"353":{"start":{"line":773,"column":40},"end":{"line":773,"column":48}},"354":{"start":{"line":774,"column":16},"end":{"line":774,"column":18}},"355":{"start":{"line":776,"column":2},"end":{"line":787,"column":3}},"356":{"start":{"line":777,"column":4},"end":{"line":781,"column":5}},"357":{"start":{"line":778,"column":14},"end":{"line":778,"column":67}},"358":{"start":{"line":779,"column":6},"end":{"line":779,"column":30}},"359":{"start":{"line":780,"column":6},"end":{"line":780,"column":13}},"360":{"start":{"line":783,"column":4},"end":{"line":783,"column":27}},"361":{"start":{"line":784,"column":12},"end":{"line":784,"column":46}},"362":{"start":{"line":785,"column":4},"end":{"line":785,"column":28}},"363":{"start":{"line":786,"column":4},"end":{"line":786,"column":11}},"364":{"start":{"line":789,"column":23},"end":{"line":789,"column":27}},"365":{"start":{"line":790,"column":2},"end":{"line":794,"column":3}},"366":{"start":{"line":791,"column":4},"end":{"line":791,"column":45}},"367":{"start":{"line":793,"column":4},"end":{"line":793,"column":27}},"368":{"start":{"line":796,"column":13},"end":{"line":796,"column":33}},"369":{"start":{"line":797,"column":16},"end":{"line":797,"column":79}},"370":{"start":{"line":798,"column":2},"end":{"line":803,"column":3}},"371":{"start":{"line":799,"column":4},"end":{"line":799,"column":48}},"372":{"start":{"line":800,"column":4},"end":{"line":802,"column":6}},"373":{"start":{"line":801,"column":15},"end":{"line":801,"column":59}},"374":{"start":{"line":805,"column":2},"end":{"line":807,"column":74}},"375":{"start":{"line":809,"column":12},"end":{"line":809,"column":67}},"376":{"start":{"line":810,"column":2},"end":{"line":810,"column":28}},"377":{"start":{"line":813,"column":0},"end":{"line":863,"column":3}},"378":{"start":{"line":817,"column":14},"end":{"line":817,"column":39}},"379":{"start":{"line":818,"column":14},"end":{"line":818,"column":16}},"380":{"start":{"line":820,"column":58},"end":{"line":820,"column":66}},"381":{"start":{"line":822,"column":2},"end":{"line":833,"column":3}},"382":{"start":{"line":823,"column":4},"end":{"line":827,"column":5}},"383":{"start":{"line":824,"column":14},"end":{"line":824,"column":67}},"384":{"start":{"line":825,"column":6},"end":{"line":825,"column":30}},"385":{"start":{"line":826,"column":6},"end":{"line":826,"column":13}},"386":{"start":{"line":829,"column":4},"end":{"line":829,"column":27}},"387":{"start":{"line":830,"column":12},"end":{"line":830,"column":46}},"388":{"start":{"line":831,"column":4},"end":{"line":831,"column":28}},"389":{"start":{"line":832,"column":4},"end":{"line":832,"column":11}},"390":{"start":{"line":835,"column":23},"end":{"line":835,"column":27}},"391":{"start":{"line":836,"column":2},"end":{"line":840,"column":3}},"392":{"start":{"line":837,"column":4},"end":{"line":837,"column":45}},"393":{"start":{"line":839,"column":4},"end":{"line":839,"column":27}},"394":{"start":{"line":842,"column":13},"end":{"line":842,"column":33}},"395":{"start":{"line":844,"column":2},"end":{"line":862,"column":3}},"396":{"start":{"line":845,"column":19},"end":{"line":850,"column":7}},"397":{"start":{"line":852,"column":4},"end":{"line":858,"column":5}},"398":{"start":{"line":854,"column":6},"end":{"line":854,"column":79}},"399":{"start":{"line":857,"column":6},"end":{"line":857,"column":56}},"400":{"start":{"line":860,"column":4},"end":{"line":860,"column":25}},"401":{"start":{"line":861,"column":4},"end":{"line":861,"column":61}},"402":{"start":{"line":865,"column":0},"end":{"line":865,"column":53}},"403":{"start":{"line":866,"column":0},"end":{"line":866,"column":46}},"404":{"start":{"line":867,"column":0},"end":{"line":867,"column":53}},"405":{"start":{"line":868,"column":0},"end":{"line":868,"column":48}},"406":{"start":{"line":870,"column":0},"end":{"line":870,"column":21}}},"fnMap":{"0":{"name":"(anonymous_0)","decl":{"start":{"line":41,"column":15},"end":{"line":41,"column":16}},"loc":{"start":{"line":41,"column":29},"end":{"line":43,"column":3}},"line":41},"1":{"name":"(anonymous_1)","decl":{"start":{"line":46,"column":19},"end":{"line":46,"column":20}},"loc":{"start":{"line":46,"column":25},"end":{"line":48,"column":3}},"line":46},"2":{"name":"getBrandLogo","decl":{"start":{"line":68,"column":15},"end":{"line":68,"column":27}},"loc":{"start":{"line":68,"column":34},"end":{"line":83,"column":1}},"line":68},"3":{"name":"getCarType","decl":{"start":{"line":88,"column":15},"end":{"line":88,"column":25}},"loc":{"start":{"line":88,"column":39},"end":{"line":111,"column":1}},"line":88},"4":{"name":"getHistogramData","decl":{"start":{"line":116,"column":15},"end":{"line":116,"column":31}},"loc":{"start":{"line":116,"column":45},"end":{"line":136,"column":1}},"line":116},"5":{"name":"isComplex","decl":{"start":{"line":147,"column":9},"end":{"line":147,"column":18}},"loc":{"start":{"line":147,"column":29},"end":{"line":167,"column":1}},"line":147},"6":{"name":"databaseRefresh","decl":{"start":{"line":170,"column":15},"end":{"line":170,"column":30}},"loc":{"start":{"line":170,"column":33},"end":{"line":177,"column":1}},"line":170},"7":{"name":"(anonymous_7)","decl":{"start":{"line":181,"column":18},"end":{"line":181,"column":19}},"loc":{"start":{"line":181,"column":36},"end":{"line":226,"column":1}},"line":181},"8":{"name":"delay","decl":{"start":{"line":229,"column":9},"end":{"line":229,"column":14}},"loc":{"start":{"line":229,"column":21},"end":{"line":233,"column":1}},"line":229},"9":{"name":"(anonymous_9)","decl":{"start":{"line":230,"column":21},"end":{"line":230,"column":22}},"loc":{"start":{"line":230,"column":34},"end":{"line":232,"column":3}},"line":230},"10":{"name":"(anonymous_10)","decl":{"start":{"line":235,"column":17},"end":{"line":235,"column":18}},"loc":{"start":{"line":235,"column":46},"end":{"line":255,"column":1}},"line":235},"11":{"name":"(anonymous_11)","decl":{"start":{"line":257,"column":18},"end":{"line":257,"column":19}},"loc":{"start":{"line":257,"column":30},"end":{"line":273,"column":1}},"line":257},"12":{"name":"(anonymous_12)","decl":{"start":{"line":275,"column":21},"end":{"line":275,"column":22}},"loc":{"start":{"line":275,"column":27},"end":{"line":278,"column":1}},"line":275},"13":{"name":"(anonymous_13)","decl":{"start":{"line":280,"column":21},"end":{"line":280,"column":22}},"loc":{"start":{"line":280,"column":33},"end":{"line":285,"column":1}},"line":280},"14":{"name":"(anonymous_14)","decl":{"start":{"line":288,"column":24},"end":{"line":288,"column":25}},"loc":{"start":{"line":288,"column":50},"end":{"line":346,"column":1}},"line":288},"15":{"name":"(anonymous_15)","decl":{"start":{"line":348,"column":26},"end":{"line":348,"column":27}},"loc":{"start":{"line":348,"column":52},"end":{"line":459,"column":1}},"line":348},"16":{"name":"(anonymous_16)","decl":{"start":{"line":461,"column":23},"end":{"line":461,"column":24}},"loc":{"start":{"line":461,"column":49},"end":{"line":511,"column":1}},"line":461},"17":{"name":"(anonymous_17)","decl":{"start":{"line":513,"column":26},"end":{"line":513,"column":27}},"loc":{"start":{"line":513,"column":52},"end":{"line":592,"column":1}},"line":513},"18":{"name":"(anonymous_18)","decl":{"start":{"line":594,"column":23},"end":{"line":594,"column":24}},"loc":{"start":{"line":594,"column":49},"end":{"line":628,"column":1}},"line":594},"19":{"name":"(anonymous_19)","decl":{"start":{"line":624,"column":34},"end":{"line":624,"column":35}},"loc":{"start":{"line":624,"column":43},"end":{"line":624,"column":51}},"line":624},"20":{"name":"(anonymous_20)","decl":{"start":{"line":630,"column":24},"end":{"line":630,"column":25}},"loc":{"start":{"line":630,"column":50},"end":{"line":663,"column":1}},"line":630},"21":{"name":"(anonymous_21)","decl":{"start":{"line":660,"column":22},"end":{"line":660,"column":23}},"loc":{"start":{"line":660,"column":33},"end":{"line":660,"column":47}},"line":660},"22":{"name":"(anonymous_22)","decl":{"start":{"line":665,"column":30},"end":{"line":665,"column":31}},"loc":{"start":{"line":665,"column":56},"end":{"line":721,"column":1}},"line":665},"23":{"name":"(anonymous_23)","decl":{"start":{"line":702,"column":30},"end":{"line":702,"column":31}},"loc":{"start":{"line":702,"column":45},"end":{"line":713,"column":5}},"line":702},"24":{"name":"(anonymous_24)","decl":{"start":{"line":723,"column":29},"end":{"line":723,"column":30}},"loc":{"start":{"line":723,"column":55},"end":{"line":765,"column":1}},"line":723},"25":{"name":"(anonymous_25)","decl":{"start":{"line":767,"column":32},"end":{"line":767,"column":33}},"loc":{"start":{"line":767,"column":58},"end":{"line":811,"column":1}},"line":767},"26":{"name":"(anonymous_26)","decl":{"start":{"line":801,"column":6},"end":{"line":801,"column":7}},"loc":{"start":{"line":801,"column":15},"end":{"line":801,"column":59}},"line":801},"27":{"name":"(anonymous_27)","decl":{"start":{"line":813,"column":24},"end":{"line":813,"column":25}},"loc":{"start":{"line":813,"column":50},"end":{"line":863,"column":1}},"line":813}},"branchMap":{"0":{"loc":{"start":{"line":14,"column":13},"end":{"line":14,"column":37}},"type":"binary-expr","locations":[{"start":{"line":14,"column":13},"end":{"line":14,"column":29}},{"start":{"line":14,"column":33},"end":{"line":14,"column":37}}],"line":14},"1":{"loc":{"start":{"line":35,"column":16},"end":{"line":35,"column":40}},"type":"binary-expr","locations":[{"start":{"line":35,"column":16},"end":{"line":35,"column":32}},{"start":{"line":35,"column":36},"end":{"line":35,"column":40}}],"line":35},"2":{"loc":{"start":{"line":39,"column":0},"end":{"line":44,"column":1}},"type":"if","locations":[{"start":{"line":39,"column":0},"end":{"line":44,"column":1}},{"start":{},"end":{}}],"line":39},"3":{"loc":{"start":{"line":45,"column":0},"end":{"line":49,"column":1}},"type":"if","locations":[{"start":{"line":45,"column":0},"end":{"line":49,"column":1}},{"start":{},"end":{}}],"line":45},"4":{"loc":{"start":{"line":151,"column":2},"end":{"line":153,"column":3}},"type":"if","locations":[{"start":{"line":151,"column":2},"end":{"line":153,"column":3}},{"start":{},"end":{}}],"line":151},"5":{"loc":{"start":{"line":155,"column":2},"end":{"line":157,"column":3}},"type":"if","locations":[{"start":{"line":155,"column":2},"end":{"line":157,"column":3}},{"start":{},"end":{}}],"line":155},"6":{"loc":{"start":{"line":159,"column":2},"end":{"line":161,"column":3}},"type":"if","locations":[{"start":{"line":159,"column":2},"end":{"line":161,"column":3}},{"start":{},"end":{}}],"line":159},"7":{"loc":{"start":{"line":163,"column":2},"end":{"line":165,"column":3}},"type":"if","locations":[{"start":{"line":163,"column":2},"end":{"line":165,"column":3}},{"start":{},"end":{}}],"line":163},"8":{"loc":{"start":{"line":198,"column":6},"end":{"line":211,"column":7}},"type":"if","locations":[{"start":{"line":198,"column":6},"end":{"line":211,"column":7}},{"start":{"line":209,"column":13},"end":{"line":211,"column":7}}],"line":198},"9":{"loc":{"start":{"line":201,"column":8},"end":{"line":208,"column":9}},"type":"if","locations":[{"start":{"line":201,"column":8},"end":{"line":208,"column":9}},{"start":{"line":203,"column":15},"end":{"line":208,"column":9}}],"line":201},"10":{"loc":{"start":{"line":203,"column":15},"end":{"line":208,"column":9}},"type":"if","locations":[{"start":{"line":203,"column":15},"end":{"line":208,"column":9}},{"start":{"line":205,"column":15},"end":{"line":208,"column":9}}],"line":203},"11":{"loc":{"start":{"line":217,"column":4},"end":{"line":220,"column":39}},"type":"if","locations":[{"start":{"line":217,"column":4},"end":{"line":220,"column":39}},{"start":{"line":220,"column":11},"end":{"line":220,"column":39}}],"line":217},"12":{"loc":{"start":{"line":217,"column":8},"end":{"line":217,"column":37}},"type":"binary-expr","locations":[{"start":{"line":217,"column":8},"end":{"line":217,"column":15}},{"start":{"line":217,"column":19},"end":{"line":217,"column":37}}],"line":217},"13":{"loc":{"start":{"line":296,"column":4},"end":{"line":300,"column":5}},"type":"if","locations":[{"start":{"line":296,"column":4},"end":{"line":300,"column":5}},{"start":{},"end":{}}],"line":296},"14":{"loc":{"start":{"line":329,"column":2},"end":{"line":332,"column":3}},"type":"if","locations":[{"start":{"line":329,"column":2},"end":{"line":332,"column":3}},{"start":{},"end":{}}],"line":329},"15":{"loc":{"start":{"line":334,"column":2},"end":{"line":336,"column":3}},"type":"if","locations":[{"start":{"line":334,"column":2},"end":{"line":336,"column":3}},{"start":{},"end":{}}],"line":334},"16":{"loc":{"start":{"line":358,"column":2},"end":{"line":458,"column":3}},"type":"if","locations":[{"start":{"line":358,"column":2},"end":{"line":458,"column":3}},{"start":{"line":361,"column":9},"end":{"line":458,"column":3}}],"line":358},"17":{"loc":{"start":{"line":368,"column":6},"end":{"line":452,"column":7}},"type":"if","locations":[{"start":{"line":368,"column":6},"end":{"line":452,"column":7}},{"start":{"line":376,"column":11},"end":{"line":452,"column":7}}],"line":368},"18":{"loc":{"start":{"line":481,"column":4},"end":{"line":507,"column":5}},"type":"if","locations":[{"start":{"line":481,"column":4},"end":{"line":507,"column":5}},{"start":{"line":489,"column":9},"end":{"line":507,"column":5}}],"line":481},"19":{"loc":{"start":{"line":489,"column":9},"end":{"line":507,"column":5}},"type":"if","locations":[{"start":{"line":489,"column":9},"end":{"line":507,"column":5}},{"start":{"line":497,"column":9},"end":{"line":507,"column":5}}],"line":489},"20":{"loc":{"start":{"line":523,"column":4},"end":{"line":527,"column":5}},"type":"if","locations":[{"start":{"line":523,"column":4},"end":{"line":527,"column":5}},{"start":{},"end":{}}],"line":523},"21":{"loc":{"start":{"line":569,"column":8},"end":{"line":583,"column":9}},"type":"if","locations":[{"start":{"line":569,"column":8},"end":{"line":583,"column":9}},{"start":{},"end":{}}],"line":569},"22":{"loc":{"start":{"line":573,"column":10},"end":{"line":582,"column":11}},"type":"if","locations":[{"start":{"line":573,"column":10},"end":{"line":582,"column":11}},{"start":{},"end":{}}],"line":573},"23":{"loc":{"start":{"line":604,"column":4},"end":{"line":608,"column":5}},"type":"if","locations":[{"start":{"line":604,"column":4},"end":{"line":608,"column":5}},{"start":{},"end":{}}],"line":604},"24":{"loc":{"start":{"line":636,"column":4},"end":{"line":640,"column":5}},"type":"if","locations":[{"start":{"line":636,"column":4},"end":{"line":640,"column":5}},{"start":{},"end":{}}],"line":636},"25":{"loc":{"start":{"line":673,"column":4},"end":{"line":677,"column":5}},"type":"if","locations":[{"start":{"line":673,"column":4},"end":{"line":677,"column":5}},{"start":{},"end":{}}],"line":673},"26":{"loc":{"start":{"line":699,"column":2},"end":{"line":714,"column":3}},"type":"if","locations":[{"start":{"line":699,"column":2},"end":{"line":714,"column":3}},{"start":{},"end":{}}],"line":699},"27":{"loc":{"start":{"line":699,"column":6},"end":{"line":699,"column":35}},"type":"binary-expr","locations":[{"start":{"line":699,"column":6},"end":{"line":699,"column":13}},{"start":{"line":699,"column":17},"end":{"line":699,"column":35}}],"line":699},"28":{"loc":{"start":{"line":733,"column":4},"end":{"line":737,"column":5}},"type":"if","locations":[{"start":{"line":733,"column":4},"end":{"line":737,"column":5}},{"start":{},"end":{}}],"line":733},"29":{"loc":{"start":{"line":754,"column":2},"end":{"line":756,"column":3}},"type":"if","locations":[{"start":{"line":754,"column":2},"end":{"line":756,"column":3}},{"start":{},"end":{}}],"line":754},"30":{"loc":{"start":{"line":754,"column":6},"end":{"line":754,"column":53}},"type":"binary-expr","locations":[{"start":{"line":754,"column":6},"end":{"line":754,"column":22}},{"start":{"line":754,"column":26},"end":{"line":754,"column":53}}],"line":754},"31":{"loc":{"start":{"line":777,"column":4},"end":{"line":781,"column":5}},"type":"if","locations":[{"start":{"line":777,"column":4},"end":{"line":781,"column":5}},{"start":{},"end":{}}],"line":777},"32":{"loc":{"start":{"line":798,"column":2},"end":{"line":803,"column":3}},"type":"if","locations":[{"start":{"line":798,"column":2},"end":{"line":803,"column":3}},{"start":{},"end":{}}],"line":798},"33":{"loc":{"start":{"line":798,"column":6},"end":{"line":798,"column":35}},"type":"binary-expr","locations":[{"start":{"line":798,"column":6},"end":{"line":798,"column":13}},{"start":{"line":798,"column":17},"end":{"line":798,"column":35}}],"line":798},"34":{"loc":{"start":{"line":801,"column":15},"end":{"line":801,"column":59}},"type":"binary-expr","locations":[{"start":{"line":801,"column":15},"end":{"line":801,"column":34}},{"start":{"line":801,"column":38},"end":{"line":801,"column":59}}],"line":801},"35":{"loc":{"start":{"line":823,"column":4},"end":{"line":827,"column":5}},"type":"if","locations":[{"start":{"line":823,"column":4},"end":{"line":827,"column":5}},{"start":{},"end":{}}],"line":823},"36":{"loc":{"start":{"line":852,"column":4},"end":{"line":858,"column":5}},"type":"if","locations":[{"start":{"line":852,"column":4},"end":{"line":858,"column":5}},{"start":{"line":855,"column":11},"end":{"line":858,"column":5}}],"line":852}},"s":{"0":1,"1":1,"2":1,"3":1,"4":1,"5":1,"6":1,"7":1,"8":1,"9":1,"10":1,"11":1,"12":1,"13":1,"14":1,"15":1,"16":1,"17":1,"18":1,"19":1,"20":1,"21":1,"22":1,"23":1,"24":1,"25":1,"26":0,"27":0,"28":0,"29":1,"30":0,"31":0,"32":1,"33":1,"34":0,"35":0,"36":0,"37":0,"38":0,"39":0,"40":0,"41":0,"42":0,"43":0,"44":0,"45":0,"46":0,"47":0,"48":0,"49":0,"50":0,"51":0,"52":0,"53":0,"54":0,"55":0,"56":0,"57":0,"58":0,"59":0,"60":0,"61":0,"62":0,"63":0,"64":0,"65":0,"66":0,"67":0,"68":0,"69":1,"70":0,"71":0,"72":0,"73":0,"74":0,"75":0,"76":0,"77":0,"78":0,"79":0,"80":0,"81":0,"82":0,"83":0,"84":0,"85":0,"86":0,"87":0,"88":0,"89":0,"90":0,"91":0,"92":0,"93":0,"94":0,"95":0,"96":0,"97":0,"98":0,"99":0,"100":1,"101":0,"102":0,"103":0,"104":0,"105":0,"106":1,"107":0,"108":0,"109":0,"110":0,"111":0,"112":1,"113":0,"114":0,"115":1,"116":0,"117":0,"118":0,"119":1,"120":0,"121":0,"122":0,"123":0,"124":0,"125":0,"126":0,"127":0,"128":0,"129":0,"130":0,"131":0,"132":0,"133":0,"134":0,"135":0,"136":0,"137":0,"138":0,"139":0,"140":0,"141":0,"142":0,"143":0,"144":0,"145":0,"146":0,"147":0,"148":0,"149":0,"150":0,"151":0,"152":1,"153":0,"154":0,"155":0,"156":0,"157":0,"158":0,"159":0,"160":0,"161":0,"162":0,"163":0,"164":0,"165":0,"166":0,"167":0,"168":0,"169":0,"170":0,"171":0,"172":0,"173":0,"174":0,"175":0,"176":0,"177":0,"178":0,"179":0,"180":0,"181":0,"182":0,"183":1,"184":1,"185":1,"186":1,"187":1,"188":1,"189":1,"190":1,"191":1,"192":1,"193":1,"194":1,"195":1,"196":0,"197":1,"198":0,"199":1,"200":1,"201":1,"202":1,"203":0,"204":1,"205":0,"206":1,"207":0,"208":0,"209":0,"210":0,"211":0,"212":0,"213":0,"214":0,"215":0,"216":0,"217":0,"218":0,"219":0,"220":0,"221":0,"222":0,"223":0,"224":0,"225":0,"226":0,"227":0,"228":0,"229":0,"230":0,"231":0,"232":0,"233":0,"234":0,"235":0,"236":0,"237":0,"238":0,"239":0,"240":0,"241":0,"242":0,"243":0,"244":0,"245":0,"246":1,"247":0,"248":0,"249":0,"250":0,"251":0,"252":0,"253":0,"254":0,"255":0,"256":0,"257":0,"258":0,"259":0,"260":0,"261":0,"262":0,"263":0,"264":0,"265":0,"266":0,"267":0,"268":0,"269":0,"270":1,"271":0,"272":0,"273":0,"274":0,"275":0,"276":0,"277":0,"278":0,"279":0,"280":0,"281":0,"282":0,"283":0,"284":0,"285":0,"286":0,"287":0,"288":0,"289":0,"290":0,"291":0,"292":0,"293":1,"294":0,"295":0,"296":0,"297":0,"298":0,"299":0,"300":0,"301":0,"302":0,"303":0,"304":0,"305":0,"306":0,"307":0,"308":0,"309":0,"310":0,"311":0,"312":0,"313":0,"314":0,"315":0,"316":0,"317":0,"318":0,"319":0,"320":0,"321":0,"322":0,"323":0,"324":1,"325":0,"326":0,"327":0,"328":0,"329":0,"330":0,"331":0,"332":0,"333":0,"334":0,"335":0,"336":0,"337":0,"338":0,"339":0,"340":0,"341":0,"342":0,"343":0,"344":0,"345":0,"346":0,"347":0,"348":0,"349":0,"350":1,"351":0,"352":0,"353":0,"354":0,"355":0,"356":0,"357":0,"358":0,"359":0,"360":0,"361":0,"362":0,"363":0,"364":0,"365":0,"366":0,"367":0,"368":0,"369":0,"370":0,"371":0,"372":0,"373":0,"374":0,"375":0,"376":0,"377":1,"378":0,"379":0,"380":0,"381":0,"382":0,"383":0,"384":0,"385":0,"386":0,"387":0,"388":0,"389":0,"390":0,"391":0,"392":0,"393":0,"394":0,"395":0,"396":0,"397":0,"398":0,"399":0,"400":0,"401":0,"402":1,"403":1,"404":1,"405":1,"406":1},"f":{"0":0,"1":0,"2":0,"3":0,"4":0,"5":0,"6":0,"7":0,"8":0,"9":0,"10":0,"11":0,"12":0,"13":0,"14":0,"15":0,"16":1,"17":0,"18":0,"19":0,"20":0,"21":0,"22":0,"23":0,"24":0,"25":0,"26":0,"27":0},"b":{"0":[1,1],"1":[1,1],"2":[0,1],"3":[0,1],"4":[0,0],"5":[0,0],"6":[0,0],"7":[0,0],"8":[0,0],"9":[0,0],"10":[0,0],"11":[0,0],"12":[0,0],"13":[0,0],"14":[0,0],"15":[0,0],"16":[0,0],"17":[0,0],"18":[0,1],"19":[0,1],"20":[0,0],"21":[0,0],"22":[0,0],"23":[0,0],"24":[0,0],"25":[0,0],"26":[0,0],"27":[0,0],"28":[0,0],"29":[0,0],"30":[0,0],"31":[0,0],"32":[0,0],"33":[0,0],"34":[0,0],"35":[0,0],"36":[0,0]},"_coverageSchema":"1a1c01bbd47fc00a2c39e90264f33305004495a9","hash":"2734aa22c471a08d00d0cc95f7a6bee67325c12b"}
}
