TN:
SF:createJWT.js
FN:4,(anonymous_0)
FN:9,(anonymous_1)
FN:36,(anonymous_2)
FN:39,(anonymous_3)
FN:55,(anonymous_4)
FNF:5
FNH:2
FNDA:1,(anonymous_0)
FNDA:1,(anonymous_1)
FNDA:0,(anonymous_2)
FNDA:0,(anonymous_3)
FNDA:0,(anonymous_4)
DA:1,1
DA:2,1
DA:4,1
DA:6,1
DA:9,1
DA:11,1
DA:13,1
DA:14,1
DA:16,1
DA:27,1
DA:31,0
DA:33,1
DA:36,1
DA:38,0
DA:41,0
DA:43,0
DA:47,0
DA:51,0
DA:55,1
DA:57,0
DA:59,0
DA:60,0
DA:61,0
DA:62,0
DA:64,0
LF:25
LH:13
BRDA:41,0,0,0
BRDA:41,0,1,0
BRF:2
BRH:0
end_of_record
TN:
SF:email.js
FN:30,(anonymous_0)
FN:58,(anonymous_1)
FN:64,(anonymous_2)
FN:68,(anonymous_3)
FN:131,(anonymous_4)
FN:177,(anonymous_5)
FN:179,(anonymous_6)
FN:193,(anonymous_7)
FN:207,(anonymous_8)
FN:220,(anonymous_9)
FN:269,(anonymous_10)
FNF:11
FNH:0
FNDA:0,(anonymous_0)
FNDA:0,(anonymous_1)
FNDA:0,(anonymous_2)
FNDA:0,(anonymous_3)
FNDA:0,(anonymous_4)
FNDA:0,(anonymous_5)
FNDA:0,(anonymous_6)
FNDA:0,(anonymous_7)
FNDA:0,(anonymous_8)
FNDA:0,(anonymous_9)
FNDA:0,(anonymous_10)
DA:4,1
DA:5,1
DA:6,1
DA:7,1
DA:8,1
DA:9,1
DA:10,1
DA:11,1
DA:12,1
DA:13,1
DA:14,1
DA:15,1
DA:24,1
DA:30,1
DA:31,0
DA:33,0
DA:34,0
DA:36,0
DA:37,0
DA:40,0
DA:41,0
DA:44,0
DA:45,0
DA:49,0
DA:53,0
DA:58,1
DA:64,1
DA:68,1
DA:69,0
DA:70,0
DA:71,0
DA:73,0
DA:74,0
DA:77,0
DA:78,0
DA:84,0
DA:93,0
DA:96,0
DA:97,0
DA:98,0
DA:101,0
DA:105,0
DA:112,0
DA:113,0
DA:114,0
DA:117,0
DA:119,0
DA:124,0
DA:131,1
DA:132,0
DA:134,0
DA:135,0
DA:138,0
DA:139,0
DA:143,0
DA:146,0
DA:147,0
DA:150,0
DA:151,0
DA:156,0
DA:157,0
DA:162,0
DA:165,0
DA:172,0
DA:177,1
DA:179,0
DA:181,0
DA:182,0
DA:185,0
DA:186,0
DA:192,0
DA:193,0
DA:194,0
DA:195,0
DA:199,0
DA:206,0
DA:207,0
DA:208,0
DA:209,0
DA:211,0
DA:220,1
DA:221,0
DA:222,0
DA:223,0
DA:225,0
DA:226,0
DA:229,0
DA:230,0
DA:234,0
DA:237,0
DA:238,0
DA:239,0
DA:242,0
DA:246,0
DA:253,0
DA:254,0
DA:255,0
DA:258,0
DA:260,0
DA:265,0
DA:269,1
DA:270,0
DA:271,0
DA:273,0
DA:274,0
DA:277,0
DA:278,0
DA:282,0
DA:284,0
DA:287,0
LF:110
LH:21
BRDA:36,0,0,0
BRDA:36,0,1,0
BRDA:40,1,0,0
BRDA:40,1,1,0
BRDA:44,2,0,0
BRDA:44,2,1,0
BRDA:77,3,0,0
BRDA:77,3,1,0
BRDA:138,4,0,0
BRDA:138,4,1,0
BRDA:146,5,0,0
BRDA:146,5,1,0
BRDA:150,6,0,0
BRDA:150,6,1,0
BRDA:181,7,0,0
BRDA:181,7,1,0
BRDA:185,8,0,0
BRDA:185,8,1,0
BRDA:194,9,0,0
BRDA:194,9,1,0
BRDA:208,10,0,0
BRDA:208,10,1,0
BRDA:229,11,0,0
BRDA:229,11,1,0
BRDA:277,12,0,0
BRDA:277,12,1,0
BRF:26
BRH:0
end_of_record
TN:
SF:server.js
FN:41,(anonymous_0)
FN:46,(anonymous_1)
FN:68,getBrandLogo
FN:88,getCarType
FN:116,getHistogramData
FN:147,isComplex
FN:170,databaseRefresh
FN:181,(anonymous_7)
FN:229,delay
FN:230,(anonymous_9)
FN:235,(anonymous_10)
FN:257,(anonymous_11)
FN:275,(anonymous_12)
FN:280,(anonymous_13)
FN:288,(anonymous_14)
FN:348,(anonymous_15)
FN:461,(anonymous_16)
FN:513,(anonymous_17)
FN:594,(anonymous_18)
FN:624,(anonymous_19)
FN:630,(anonymous_20)
FN:660,(anonymous_21)
FN:665,(anonymous_22)
FN:702,(anonymous_23)
FN:723,(anonymous_24)
FN:767,(anonymous_25)
FN:801,(anonymous_26)
FN:813,(anonymous_27)
FNF:28
FNH:1
FNDA:0,(anonymous_0)
FNDA:0,(anonymous_1)
FNDA:0,getBrandLogo
FNDA:0,getCarType
FNDA:0,getHistogramData
FNDA:0,isComplex
FNDA:0,databaseRefresh
FNDA:0,(anonymous_7)
FNDA:0,delay
FNDA:0,(anonymous_9)
FNDA:0,(anonymous_10)
FNDA:0,(anonymous_11)
FNDA:0,(anonymous_12)
FNDA:0,(anonymous_13)
FNDA:0,(anonymous_14)
FNDA:0,(anonymous_15)
FNDA:1,(anonymous_16)
FNDA:0,(anonymous_17)
FNDA:0,(anonymous_18)
FNDA:0,(anonymous_19)
FNDA:0,(anonymous_20)
FNDA:0,(anonymous_21)
FNDA:0,(anonymous_22)
FNDA:0,(anonymous_23)
FNDA:0,(anonymous_24)
FNDA:0,(anonymous_25)
FNDA:0,(anonymous_26)
FNDA:0,(anonymous_27)
DA:8,1
DA:9,1
DA:10,1
DA:11,1
DA:12,1
DA:13,1
DA:14,1
DA:15,1
DA:16,1
DA:17,1
DA:18,1
DA:20,1
DA:21,1
DA:22,1
DA:23,1
DA:24,1
DA:27,1
DA:28,1
DA:29,1
DA:30,1
DA:31,1
DA:34,1
DA:35,1
DA:36,1
DA:37,1
DA:39,1
DA:40,0
DA:41,0
DA:42,0
DA:45,1
DA:46,0
DA:47,0
DA:52,1
DA:55,1
DA:69,0
DA:77,0
DA:78,0
DA:79,0
DA:81,0
DA:89,0
DA:104,0
DA:105,0
DA:107,0
DA:109,0
DA:117,0
DA:130,0
DA:131,0
DA:132,0
DA:134,0
DA:148,0
DA:150,0
DA:151,0
DA:152,0
DA:154,0
DA:155,0
DA:156,0
DA:158,0
DA:159,0
DA:160,0
DA:162,0
DA:163,0
DA:164,0
DA:166,0
DA:171,0
DA:172,0
DA:173,0
DA:174,0
DA:175,0
DA:176,0
DA:181,1
DA:182,0
DA:183,0
DA:184,0
DA:185,0
DA:186,0
DA:187,0
DA:188,0
DA:190,0
DA:191,0
DA:192,0
DA:194,0
DA:195,0
DA:196,0
DA:198,0
DA:199,0
DA:201,0
DA:202,0
DA:203,0
DA:204,0
DA:206,0
DA:207,0
DA:210,0
DA:213,0
DA:217,0
DA:218,0
DA:219,0
DA:220,0
DA:221,0
DA:230,0
DA:231,0
DA:235,1
DA:236,0
DA:249,0
DA:250,0
DA:251,0
DA:253,0
DA:257,1
DA:258,0
DA:267,0
DA:268,0
DA:269,0
DA:271,0
DA:275,1
DA:276,0
DA:277,0
DA:280,1
DA:281,0
DA:282,0
DA:283,0
DA:288,1
DA:291,0
DA:292,0
DA:293,0
DA:295,0
DA:296,0
DA:297,0
DA:298,0
DA:299,0
DA:302,0
DA:303,0
DA:304,0
DA:305,0
DA:308,0
DA:309,0
DA:310,0
DA:312,0
DA:315,0
DA:316,0
DA:317,0
DA:318,0
DA:320,0
DA:321,0
DA:326,0
DA:327,0
DA:328,0
DA:329,0
DA:330,0
DA:331,0
DA:334,0
DA:335,0
DA:338,0
DA:345,0
DA:348,1
DA:351,0
DA:352,0
DA:353,0
DA:354,0
DA:355,0
DA:356,0
DA:358,0
DA:359,0
DA:360,0
DA:362,0
DA:363,0
DA:364,0
DA:365,0
DA:368,0
DA:369,0
DA:379,0
DA:380,0
DA:389,0
DA:390,0
DA:393,0
DA:394,0
DA:403,0
DA:405,0
DA:411,0
DA:418,0
DA:434,0
DA:435,0
DA:437,0
DA:443,0
DA:454,0
DA:461,1
DA:464,1
DA:465,1
DA:466,1
DA:467,1
DA:469,1
DA:471,1
DA:472,1
DA:475,1
DA:476,1
DA:477,1
DA:478,1
DA:481,1
DA:482,0
DA:489,1
DA:490,0
DA:498,1
DA:499,1
DA:500,1
DA:501,1
DA:503,0
DA:506,1
DA:509,0
DA:513,1
DA:514,0
DA:515,0
DA:517,0
DA:518,0
DA:519,0
DA:520,0
DA:521,0
DA:522,0
DA:523,0
DA:524,0
DA:525,0
DA:526,0
DA:529,0
DA:530,0
DA:531,0
DA:532,0
DA:535,0
DA:536,0
DA:537,0
DA:539,0
DA:544,0
DA:545,0
DA:556,0
DA:558,0
DA:559,0
DA:560,0
DA:562,0
DA:563,0
DA:564,0
DA:565,0
DA:566,0
DA:569,0
DA:570,0
DA:573,0
DA:574,0
DA:581,0
DA:587,0
DA:589,0
DA:590,0
DA:594,1
DA:597,0
DA:598,0
DA:599,0
DA:600,0
DA:601,0
DA:603,0
DA:604,0
DA:605,0
DA:606,0
DA:607,0
DA:610,0
DA:611,0
DA:612,0
DA:613,0
DA:616,0
DA:617,0
DA:618,0
DA:620,0
DA:623,0
DA:624,0
DA:625,0
DA:627,0
DA:630,1
DA:633,0
DA:634,0
DA:635,0
DA:636,0
DA:637,0
DA:638,0
DA:639,0
DA:642,0
DA:643,0
DA:644,0
DA:645,0
DA:648,0
DA:649,0
DA:650,0
DA:652,0
DA:655,0
DA:657,0
DA:658,0
DA:659,0
DA:660,0
DA:662,0
DA:665,1
DA:668,0
DA:669,0
DA:670,0
DA:672,0
DA:673,0
DA:674,0
DA:675,0
DA:676,0
DA:679,0
DA:680,0
DA:681,0
DA:682,0
DA:685,0
DA:686,0
DA:687,0
DA:689,0
DA:692,0
DA:694,0
DA:695,0
DA:696,0
DA:697,0
DA:699,0
DA:700,0
DA:702,0
DA:703,0
DA:707,0
DA:716,0
DA:717,0
DA:719,0
DA:720,0
DA:723,1
DA:727,0
DA:728,0
DA:729,0
DA:730,0
DA:732,0
DA:733,0
DA:734,0
DA:735,0
DA:736,0
DA:739,0
DA:740,0
DA:741,0
DA:742,0
DA:745,0
DA:746,0
DA:747,0
DA:749,0
DA:752,0
DA:753,0
DA:754,0
DA:755,0
DA:757,0
DA:759,0
DA:763,0
DA:764,0
DA:767,1
DA:771,0
DA:772,0
DA:773,0
DA:774,0
DA:776,0
DA:777,0
DA:778,0
DA:779,0
DA:780,0
DA:783,0
DA:784,0
DA:785,0
DA:786,0
DA:789,0
DA:790,0
DA:791,0
DA:793,0
DA:796,0
DA:797,0
DA:798,0
DA:799,0
DA:800,0
DA:801,0
DA:805,0
DA:809,0
DA:810,0
DA:813,1
DA:817,0
DA:818,0
DA:820,0
DA:822,0
DA:823,0
DA:824,0
DA:825,0
DA:826,0
DA:829,0
DA:830,0
DA:831,0
DA:832,0
DA:835,0
DA:836,0
DA:837,0
DA:839,0
DA:842,0
DA:844,0
DA:845,0
DA:852,0
DA:854,0
DA:857,0
DA:860,0
DA:861,0
DA:865,1
DA:866,1
DA:867,1
DA:868,1
DA:870,1
LF:405
LH:67
BRDA:14,0,0,1
BRDA:14,0,1,1
BRDA:35,1,0,1
BRDA:35,1,1,1
BRDA:39,2,0,0
BRDA:39,2,1,1
BRDA:45,3,0,0
BRDA:45,3,1,1
BRDA:151,4,0,0
BRDA:151,4,1,0
BRDA:155,5,0,0
BRDA:155,5,1,0
BRDA:159,6,0,0
BRDA:159,6,1,0
BRDA:163,7,0,0
BRDA:163,7,1,0
BRDA:198,8,0,0
BRDA:198,8,1,0
BRDA:201,9,0,0
BRDA:201,9,1,0
BRDA:203,10,0,0
BRDA:203,10,1,0
BRDA:217,11,0,0
BRDA:217,11,1,0
BRDA:217,12,0,0
BRDA:217,12,1,0
BRDA:296,13,0,0
BRDA:296,13,1,0
BRDA:329,14,0,0
BRDA:329,14,1,0
BRDA:334,15,0,0
BRDA:334,15,1,0
BRDA:358,16,0,0
BRDA:358,16,1,0
BRDA:368,17,0,0
BRDA:368,17,1,0
BRDA:481,18,0,0
BRDA:481,18,1,1
BRDA:489,19,0,0
BRDA:489,19,1,1
BRDA:523,20,0,0
BRDA:523,20,1,0
BRDA:569,21,0,0
BRDA:569,21,1,0
BRDA:573,22,0,0
BRDA:573,22,1,0
BRDA:604,23,0,0
BRDA:604,23,1,0
BRDA:636,24,0,0
BRDA:636,24,1,0
BRDA:673,25,0,0
BRDA:673,25,1,0
BRDA:699,26,0,0
BRDA:699,26,1,0
BRDA:699,27,0,0
BRDA:699,27,1,0
BRDA:733,28,0,0
BRDA:733,28,1,0
BRDA:754,29,0,0
BRDA:754,29,1,0
BRDA:754,30,0,0
BRDA:754,30,1,0
BRDA:777,31,0,0
BRDA:777,31,1,0
BRDA:798,32,0,0
BRDA:798,32,1,0
BRDA:798,33,0,0
BRDA:798,33,1,0
BRDA:801,34,0,0
BRDA:801,34,1,0
BRDA:823,35,0,0
BRDA:823,35,1,0
BRDA:852,36,0,0
BRDA:852,36,1,0
BRF:74
BRH:8
end_of_record
